{"logTime": "1225/120928", "correlationVector":"sNJpiOWOj+DOz5bee+ojBY.1","action":"SyncServerConnectionManagerRequest", "result":"SYNC_SERVER_OK", "context":{"environment":"Prod_southindia_prod-s01-004-apac-southindia", "migrationStage":"NotStarted", "server":"akswtt008000006"}}
{"logTime": "1225/120928", "correlationVector":"sNJpiOWOj+DOz5bee+ojBY.2","action":"Commit Response", "result":"Success", "context":Result: Success. cV=sNJpiOWOj+DOz5bee+ojBY.0;server=akswtt008000006;cloudType=Consumer;environment=Prod_southindia_prod-s01-004-apac-southindia;migrationStage=NotStarted}
{"logTime": "1225/121421", "correlationVector":"u/zC+XwQQbl2yCJEtL06Rx","action":"Normal GetUpdate request", "result":"", "context":cV=u/zC+XwQQbl2yCJEtL06Rx
Refresh requested types: Bookmarks, Preferences, Passwords, Autofill Profiles, Autofill, Typed URLs, Extensions, Sessions, Extension settings, History Delete Directives, Device Info, User Consents, Send Tab To Self, Web Apps, Collection, Edge E Drop, Edge Hub App Usage, Edge Tab Group, Edge Wallet, Encryption Keys}
{"logTime": "1225/121421", "correlationVector":"u/zC+XwQQbl2yCJEtL06Rx.1","action":"SyncServerConnectionManagerRequest", "result":"SYNC_SERVER_OK", "context":{"environment":"Prod_southindia_prod-s01-004-apac-southindia", "migrationStage":"NotStarted", "server":"akswtt00800001c"}}
{"logTime": "1225/121421", "correlationVector":"u/zC+XwQQbl2yCJEtL06Rx.2","action":"GetUpdates", "result":"DeleteReceived", "context":{"id":"847a6b0f-0b1a-423b-8d40-0c927c177892", "isDeleted:":"true", "version":"1735128564220"}}
{"logTime": "1225/121421", "correlationVector":"u/zC+XwQQbl2yCJEtL06Rx.3","action":"GetUpdates Response", "result":"Success", "context":Received 5 update(s). cV=u/zC+XwQQbl2yCJEtL06Rx.0;server=akswtt00800001c;cloudType=Consumer;environment=Prod_southindia_prod-s01-004-apac-southindia;migrationStage=NotStarted}
{"logTime": "1225/122823", "correlationVector":"zYX0/7b9PJ9lOCdhR3+2bg","action":"Commit Request", "result":"", "context":Item count: 1
Contributing types: Sessions}
{"logTime": "1225/122824", "correlationVector":"zYX0/7b9PJ9lOCdhR3+2bg.1","action":"SyncServerConnectionManagerRequest", "result":"SYNC_SERVER_OK", "context":{"environment":"Prod_southindia_prod-s01-004-apac-southindia", "migrationStage":"NotStarted", "server":"akswtt008000001"}}
{"logTime": "1225/122824", "correlationVector":"zYX0/7b9PJ9lOCdhR3+2bg.2","action":"Commit Response", "result":"Success", "context":Result: Success. cV=zYX0/7b9PJ9lOCdhR3+2bg.0;server=akswtt008000001;cloudType=Consumer;environment=Prod_southindia_prod-s01-004-apac-southindia;migrationStage=NotStarted}
{"logTime": "1225/125542", "correlationVector":"OZKhjFRvD9MMPM10am5Ls/","action":"Commit Request", "result":"", "context":Item count: 1
Contributing types: Sessions}
{"logTime": "1225/125543", "correlationVector":"OZKhjFRvD9MMPM10am5Ls/.1","action":"SyncServerConnectionManagerRequest", "result":"SYNC_SERVER_OK", "context":{"environment":"Prod_southindia_prod-s01-004-apac-southindia", "migrationStage":"NotStarted", "server":"akswtt00800000r"}}
{"logTime": "1225/125543", "correlationVector":"OZKhjFRvD9MMPM10am5Ls/.2","action":"Commit Response", "result":"Success", "context":Result: Success. cV=OZKhjFRvD9MMPM10am5Ls/.0;server=akswtt00800000r;cloudType=Consumer;environment=Prod_southindia_prod-s01-004-apac-southindia;migrationStage=NotStarted}
{"logTime": "1225/125913", "correlationVector":"QKhSe+eXaNb9wtMk2S5zWD","action":"Commit Request", "result":"", "context":Item count: 1
Contributing types: Sessions}
{"logTime": "1225/125914", "correlationVector":"QKhSe+eXaNb9wtMk2S5zWD.1","action":"SyncServerConnectionManagerRequest", "result":"SYNC_SERVER_OK", "context":{"environment":"Prod_southindia_prod-s01-004-apac-southindia", "migrationStage":"NotStarted", "server":"akswtt00800001d"}}
{"logTime": "1225/125914", "correlationVector":"QKhSe+eXaNb9wtMk2S5zWD.2","action":"Commit Response", "result":"Success", "context":Result: Success. cV=QKhSe+eXaNb9wtMk2S5zWD.0;server=akswtt00800001d;cloudType=Consumer;environment=Prod_southindia_prod-s01-004-apac-southindia;migrationStage=NotStarted}
{"logTime": "1225/125950", "correlationVector":"dPMzznYL3ezwR4zbeMkp+I","action":"Commit Request", "result":"", "context":Item count: 1
Contributing types: Sessions}
{"logTime": "1225/125950", "correlationVector":"dPMzznYL3ezwR4zbeMkp+I.1","action":"SyncServerConnectionManagerRequest", "result":"SYNC_SERVER_OK", "context":{"environment":"Prod_southindia_prod-s01-004-apac-southindia", "migrationStage":"NotStarted", "server":"akswtt008000021"}}
{"logTime": "1225/125950", "correlationVector":"dPMzznYL3ezwR4zbeMkp+I.2","action":"Commit Response", "result":"Success", "context":Result: Success. cV=dPMzznYL3ezwR4zbeMkp+I.0;server=akswtt008000021;cloudType=Consumer;environment=Prod_southindia_prod-s01-004-apac-southindia;migrationStage=NotStarted}
{"logTime": "1225/130410", "correlationVector":"6ys1Bi6xNcmieb7KkLbBxE","action":"Commit Request", "result":"", "context":Item count: 1
Contributing types: Sessions}
{"logTime": "1225/130410", "correlationVector":"6ys1Bi6xNcmieb7KkLbBxE.1","action":"SyncServerConnectionManagerRequest", "result":"SYNC_SERVER_OK", "context":{"environment":"Prod_southindia_prod-s01-004-apac-southindia", "migrationStage":"NotStarted", "server":"akswtt00800002i"}}
{"logTime": "1225/130410", "correlationVector":"6ys1Bi6xNcmieb7KkLbBxE.2","action":"Commit Response", "result":"Success", "context":Result: Success. cV=6ys1Bi6xNcmieb7KkLbBxE.0;server=akswtt00800002i;cloudType=Consumer;environment=Prod_southindia_prod-s01-004-apac-southindia;migrationStage=NotStarted}
{"logTime": "1225/130655", "correlationVector":"dHwe//fWm2gTX+OqcTbbeS","action":"Commit Request", "result":"", "context":Item count: 1
Contributing types: Sessions}
{"logTime": "1225/130655", "correlationVector":"dHwe//fWm2gTX+OqcTbbeS.1","action":"SyncServerConnectionManagerRequest", "result":"SYNC_SERVER_OK", "context":{"environment":"Prod_southindia_prod-s01-004-apac-southindia", "migrationStage":"NotStarted", "server":"akswtt00800002d"}}
{"logTime": "1225/130655", "correlationVector":"dHwe//fWm2gTX+OqcTbbeS.2","action":"Commit Response", "result":"Success", "context":Result: Success. cV=dHwe//fWm2gTX+OqcTbbeS.0;server=akswtt00800002d;cloudType=Consumer;environment=Prod_southindia_prod-s01-004-apac-southindia;migrationStage=NotStarted}
{"logTime": "1225/130742", "correlationVector":"yEOmAX5+6hm7qRvbTYfD+I","action":"Commit Request", "result":"", "context":Item count: 1
Contributing types: Sessions}
{"logTime": "1225/130742", "correlationVector":"yEOmAX5+6hm7qRvbTYfD+I.1","action":"SyncServerConnectionManagerRequest", "result":"SYNC_SERVER_OK", "context":{"environment":"Prod_southindia_prod-s01-004-apac-southindia", "migrationStage":"NotStarted", "server":"akswtt008000029"}}
{"logTime": "1225/130742", "correlationVector":"yEOmAX5+6hm7qRvbTYfD+I.2","action":"Commit Response", "result":"Success", "context":Result: Success. cV=yEOmAX5+6hm7qRvbTYfD+I.0;server=akswtt008000029;cloudType=Consumer;environment=Prod_southindia_prod-s01-004-apac-southindia;migrationStage=NotStarted}
{"logTime": "1225/130820", "correlationVector":"nlNsen59X0zYw+U9S8cim2","action":"Commit Request", "result":"", "context":Item count: 1
Contributing types: Sessions}
{"logTime": "1225/130821", "correlationVector":"nlNsen59X0zYw+U9S8cim2.1","action":"SyncServerConnectionManagerRequest", "result":"SYNC_SERVER_OK", "context":{"environment":"Prod_southindia_prod-s01-004-apac-southindia", "migrationStage":"NotStarted", "server":"akswtt00800002d"}}
{"logTime": "1225/130821", "correlationVector":"nlNsen59X0zYw+U9S8cim2.2","action":"Commit Response", "result":"Success", "context":Result: Success. cV=nlNsen59X0zYw+U9S8cim2.0;server=akswtt00800002d;cloudType=Consumer;environment=Prod_southindia_prod-s01-004-apac-southindia;migrationStage=NotStarted}
{"logTime": "1225/131303", "correlationVector":"Z5vUZ5mP1kszrH70FPDNvf","action":"Commit Request", "result":"", "context":Item count: 1
Contributing types: Sessions}
{"logTime": "1225/131304", "correlationVector":"Z5vUZ5mP1kszrH70FPDNvf.1","action":"SyncServerConnectionManagerRequest", "result":"SYNC_SERVER_OK", "context":{"environment":"Prod_southindia_prod-s01-004-apac-southindia", "migrationStage":"NotStarted", "server":"akswtt00800000l"}}
{"logTime": "1225/131304", "correlationVector":"Z5vUZ5mP1kszrH70FPDNvf.2","action":"Commit Response", "result":"Success", "context":Result: Success. cV=Z5vUZ5mP1kszrH70FPDNvf.0;server=akswtt00800000l;cloudType=Consumer;environment=Prod_southindia_prod-s01-004-apac-southindia;migrationStage=NotStarted}
{"logTime": "1225/131724", "correlationVector":"xKyZ1TVfkuahRHMIoWrz3V","action":"Commit Request", "result":"", "context":Item count: 1
Contributing types: Sessions}
{"logTime": "1225/131724", "correlationVector":"xKyZ1TVfkuahRHMIoWrz3V.1","action":"SyncServerConnectionManagerRequest", "result":"SYNC_SERVER_OK", "context":{"environment":"Prod_southindia_prod-s01-004-apac-southindia", "migrationStage":"NotStarted", "server":"akswtt008000007"}}
{"logTime": "1225/131724", "correlationVector":"xKyZ1TVfkuahRHMIoWrz3V.2","action":"Commit Response", "result":"Success", "context":Result: Success. cV=xKyZ1TVfkuahRHMIoWrz3V.0;server=akswtt008000007;cloudType=Consumer;environment=Prod_southindia_prod-s01-004-apac-southindia;migrationStage=NotStarted}
{"logTime": "1225/132013", "correlationVector":"enwmPeWYGcYbo553gSR/Ut","action":"Commit Request", "result":"", "context":Item count: 1
Contributing types: Sessions}
{"logTime": "1225/132015", "correlationVector":"enwmPeWYGcYbo553gSR/Ut.1","action":"SyncServerConnectionManagerRequest", "result":"SYNC_SERVER_OK", "context":{"environment":"Prod_southindia_prod-s01-004-apac-southindia", "migrationStage":"NotStarted", "server":"akswtt00800002j"}}
{"logTime": "1225/132015", "correlationVector":"enwmPeWYGcYbo553gSR/Ut.2","action":"Commit Response", "result":"Success", "context":Result: Success. cV=enwmPeWYGcYbo553gSR/Ut.0;server=akswtt00800002j;cloudType=Consumer;environment=Prod_southindia_prod-s01-004-apac-southindia;migrationStage=NotStarted}
{"logTime": "1225/132238", "correlationVector":"ljtXKERUfQ7DCU6PiNo6Nn","action":"Commit Request", "result":"", "context":Item count: 1
Contributing types: Sessions}
{"logTime": "1225/132240", "correlationVector":"ljtXKERUfQ7DCU6PiNo6Nn.1","action":"SyncServerConnectionManagerRequest", "result":"SYNC_SERVER_OK", "context":{"environment":"Prod_southindia_prod-s01-004-apac-southindia", "migrationStage":"NotStarted", "server":"akswtt00800001l"}}
{"logTime": "1225/132240", "correlationVector":"ljtXKERUfQ7DCU6PiNo6Nn.2","action":"Commit Response", "result":"Success", "context":Result: Success. cV=ljtXKERUfQ7DCU6PiNo6Nn.0;server=akswtt00800001l;cloudType=Consumer;environment=Prod_southindia_prod-s01-004-apac-southindia;migrationStage=NotStarted}
{"logTime": "1225/132651", "correlationVector":"0/Wp2vUnBE/u9UfzrA7adW","action":"Commit Request", "result":"", "context":Item count: 1
Contributing types: Sessions}
{"logTime": "1225/132653", "correlationVector":"0/Wp2vUnBE/u9UfzrA7adW.1","action":"SyncServerConnectionManagerRequest", "result":"SYNC_SERVER_OK", "context":{"environment":"Prod_southindia_prod-s01-004-apac-southindia", "migrationStage":"NotStarted", "server":"akswtt00800000t"}}
{"logTime": "1225/132653", "correlationVector":"0/Wp2vUnBE/u9UfzrA7adW.2","action":"Commit Response", "result":"Success", "context":Result: Success. cV=0/Wp2vUnBE/u9UfzrA7adW.0;server=akswtt00800000t;cloudType=Consumer;environment=Prod_southindia_prod-s01-004-apac-southindia;migrationStage=NotStarted}
{"logTime": "1225/132854", "correlationVector":"96afmeZTBbVA1Bsqh8UuHk","action":"Commit Request", "result":"", "context":Item count: 1
Contributing types: Sessions}
{"logTime": "1225/132855", "correlationVector":"96afmeZTBbVA1Bsqh8UuHk.1","action":"SyncServerConnectionManagerRequest", "result":"SYNC_SERVER_OK", "context":{"environment":"Prod_southindia_prod-s01-004-apac-southindia", "migrationStage":"NotStarted", "server":"akswtt00800001h"}}
{"logTime": "1225/132855", "correlationVector":"96afmeZTBbVA1Bsqh8UuHk.2","action":"Commit Response", "result":"Success", "context":Result: Success. cV=96afmeZTBbVA1Bsqh8UuHk.0;server=akswtt00800001h;cloudType=Consumer;environment=Prod_southindia_prod-s01-004-apac-southindia;migrationStage=NotStarted}
{"logTime": "1225/133054", "correlationVector":"wIw4b608wDp2qTR2tT4HaW","action":"Commit Request", "result":"", "context":Item count: 1
Contributing types: Sessions}
{"logTime": "1225/133055", "correlationVector":"wIw4b608wDp2qTR2tT4HaW.1","action":"SyncServerConnectionManagerRequest", "result":"SYNC_SERVER_OK", "context":{"environment":"Prod_southindia_prod-s01-004-apac-southindia", "migrationStage":"NotStarted", "server":"akswtt008000015"}}
{"logTime": "1225/133055", "correlationVector":"wIw4b608wDp2qTR2tT4HaW.2","action":"Commit Response", "result":"Success", "context":Result: Success. cV=wIw4b608wDp2qTR2tT4HaW.0;server=akswtt008000015;cloudType=Consumer;environment=Prod_southindia_prod-s01-004-apac-southindia;migrationStage=NotStarted}
{"logTime": "1225/133400", "correlationVector":"2C/49rbcGLCWoZaNkVc2hK","action":"Commit Request", "result":"", "context":Item count: 1
Contributing types: Sessions}
{"logTime": "1225/133401", "correlationVector":"2C/49rbcGLCWoZaNkVc2hK.1","action":"SyncServerConnectionManagerRequest", "result":"SYNC_SERVER_OK", "context":{"environment":"Prod_southindia_prod-s01-004-apac-southindia", "migrationStage":"NotStarted", "server":"akswtt00800000i"}}
{"logTime": "1225/133401", "correlationVector":"2C/49rbcGLCWoZaNkVc2hK.2","action":"Commit Response", "result":"Success", "context":Result: Success. cV=2C/49rbcGLCWoZaNkVc2hK.0;server=akswtt00800000i;cloudType=Consumer;environment=Prod_southindia_prod-s01-004-apac-southindia;migrationStage=NotStarted}
{"logTime": "1225/133431", "correlationVector":"v/P41brKeAAJ+bAbdFaiFY","action":"Commit Request", "result":"", "context":Item count: 1
Contributing types: Sessions}
{"logTime": "1225/133432", "correlationVector":"v/P41brKeAAJ+bAbdFaiFY.1","action":"SyncServerConnectionManagerRequest", "result":"SYNC_SERVER_OK", "context":{"environment":"Prod_southindia_prod-s01-004-apac-southindia", "migrationStage":"NotStarted", "server":"akswtt00800000v"}}
{"logTime": "1225/133432", "correlationVector":"v/P41brKeAAJ+bAbdFaiFY.2","action":"Commit Response", "result":"Success", "context":Result: Success. cV=v/P41brKeAAJ+bAbdFaiFY.0;server=akswtt00800000v;cloudType=Consumer;environment=Prod_southindia_prod-s01-004-apac-southindia;migrationStage=NotStarted}
{"logTime": "1225/133510", "correlationVector":"yo0ULL9cZYvlz1IZMYyQQY","action":"Commit Request", "result":"", "context":Item count: 1
Contributing types: Sessions}
{"logTime": "1225/133510", "correlationVector":"yo0ULL9cZYvlz1IZMYyQQY.1","action":"SyncServerConnectionManagerRequest", "result":"SYNC_SERVER_OK", "context":{"environment":"Prod_southindia_prod-s01-004-apac-southindia", "migrationStage":"NotStarted", "server":"akswtt008000019"}}
{"logTime": "1225/133510", "correlationVector":"yo0ULL9cZYvlz1IZMYyQQY.2","action":"Commit Response", "result":"Success", "context":Result: Success. cV=yo0ULL9cZYvlz1IZMYyQQY.0;server=akswtt008000019;cloudType=Consumer;environment=Prod_southindia_prod-s01-004-apac-southindia;migrationStage=NotStarted}
{"logTime": "1225/133546", "correlationVector":"ySlVLv3ssrSyfIOsxEBRYN","action":"Commit Request", "result":"", "context":Item count: 1
Contributing types: Sessions}
{"logTime": "1225/133547", "correlationVector":"ySlVLv3ssrSyfIOsxEBRYN.1","action":"SyncServerConnectionManagerRequest", "result":"SYNC_SERVER_OK", "context":{"environment":"Prod_southindia_prod-s01-004-apac-southindia", "migrationStage":"NotStarted", "server":"akswtt00800000v"}}
{"logTime": "1225/133547", "correlationVector":"ySlVLv3ssrSyfIOsxEBRYN.2","action":"Commit Response", "result":"Success", "context":Result: Success. cV=ySlVLv3ssrSyfIOsxEBRYN.0;server=akswtt00800000v;cloudType=Consumer;environment=Prod_southindia_prod-s01-004-apac-southindia;migrationStage=NotStarted}
{"logTime": "1225/133621", "correlationVector":"NGhsCZ/n4gXqj7B9nMlFX2","action":"Commit Request", "result":"", "context":Item count: 1
Contributing types: Sessions}
{"logTime": "1225/133622", "correlationVector":"NGhsCZ/n4gXqj7B9nMlFX2.1","action":"SyncServerConnectionManagerRequest", "result":"SYNC_SERVER_OK", "context":{"environment":"Prod_southindia_prod-s01-004-apac-southindia", "migrationStage":"NotStarted", "server":"akswtt00800001g"}}
{"logTime": "1225/133622", "correlationVector":"NGhsCZ/n4gXqj7B9nMlFX2.2","action":"Commit Response", "result":"Success", "context":Result: Success. cV=NGhsCZ/n4gXqj7B9nMlFX2.0;server=akswtt00800001g;cloudType=Consumer;environment=Prod_southindia_prod-s01-004-apac-southindia;migrationStage=NotStarted}
{"logTime": "1225/133712", "correlationVector":"REr4wN88KXYb9HZK2/rGBD","action":"Commit Request", "result":"", "context":Item count: 1
Contributing types: Sessions}
{"logTime": "1225/133713", "correlationVector":"REr4wN88KXYb9HZK2/rGBD.1","action":"SyncServerConnectionManagerRequest", "result":"SYNC_SERVER_OK", "context":{"environment":"Prod_southindia_prod-s01-004-apac-southindia", "migrationStage":"NotStarted", "server":"akswtt00800002g"}}
{"logTime": "1225/133713", "correlationVector":"REr4wN88KXYb9HZK2/rGBD.2","action":"Commit Response", "result":"Success", "context":Result: Success. cV=REr4wN88KXYb9HZK2/rGBD.0;server=akswtt00800002g;cloudType=Consumer;environment=Prod_southindia_prod-s01-004-apac-southindia;migrationStage=NotStarted}
{"logTime": "1225/133816", "correlationVector":"JAnRzS6GjJKLK8nIVoIyK+","action":"Commit Request", "result":"", "context":Item count: 1
Contributing types: Sessions}
{"logTime": "1225/133817", "correlationVector":"JAnRzS6GjJKLK8nIVoIyK+.1","action":"SyncServerConnectionManagerRequest", "result":"SYNC_SERVER_OK", "context":{"environment":"Prod_southindia_prod-s01-004-apac-southindia", "migrationStage":"NotStarted", "server":"akswtt00800000x"}}
{"logTime": "1225/133817", "correlationVector":"JAnRzS6GjJKLK8nIVoIyK+.2","action":"Commit Response", "result":"Success", "context":Result: Success. cV=JAnRzS6GjJKLK8nIVoIyK+.0;server=akswtt00800000x;cloudType=Consumer;environment=Prod_southindia_prod-s01-004-apac-southindia;migrationStage=NotStarted}
{"logTime": "1225/133921", "correlationVector":"sa1QzS37CtWJxNcnvElPgR","action":"Commit Request", "result":"", "context":Item count: 1
Contributing types: Sessions}
{"logTime": "1225/133922", "correlationVector":"sa1QzS37CtWJxNcnvElPgR.1","action":"SyncServerConnectionManagerRequest", "result":"SYNC_SERVER_OK", "context":{"environment":"Prod_southindia_prod-s01-004-apac-southindia", "migrationStage":"NotStarted", "server":"akswtt00800001b"}}
{"logTime": "1225/133922", "correlationVector":"sa1QzS37CtWJxNcnvElPgR.2","action":"Commit Response", "result":"Success", "context":Result: Success. cV=sa1QzS37CtWJxNcnvElPgR.0;server=akswtt00800001b;cloudType=Consumer;environment=Prod_southindia_prod-s01-004-apac-southindia;migrationStage=NotStarted}
{"logTime": "1225/134004", "correlationVector":"wRpG7GmPYftVsXZcgU053P","action":"Commit Request", "result":"", "context":Item count: 1
Contributing types: Sessions}
{"logTime": "1225/134005", "correlationVector":"wRpG7GmPYftVsXZcgU053P.1","action":"SyncServerConnectionManagerRequest", "result":"SYNC_SERVER_OK", "context":{"environment":"Prod_southindia_prod-s01-004-apac-southindia", "migrationStage":"NotStarted", "server":"akswtt00800000x"}}
{"logTime": "1225/134005", "correlationVector":"wRpG7GmPYftVsXZcgU053P.2","action":"Commit Response", "result":"Success", "context":Result: Success. cV=wRpG7GmPYftVsXZcgU053P.0;server=akswtt00800000x;cloudType=Consumer;environment=Prod_southindia_prod-s01-004-apac-southindia;migrationStage=NotStarted}
{"logTime": "1225/134035", "correlationVector":"QH1fnynVSIOQkEyQ4sYJzA","action":"Commit Request", "result":"", "context":Item count: 1
Contributing types: Sessions}
{"logTime": "1225/134035", "correlationVector":"QH1fnynVSIOQkEyQ4sYJzA.1","action":"SyncServerConnectionManagerRequest", "result":"SYNC_SERVER_OK", "context":{"environment":"Prod_southindia_prod-s01-004-apac-southindia", "migrationStage":"NotStarted", "server":"akswtt00800000x"}}
{"logTime": "1225/134035", "correlationVector":"QH1fnynVSIOQkEyQ4sYJzA.2","action":"Commit Response", "result":"Success", "context":Result: Success. cV=QH1fnynVSIOQkEyQ4sYJzA.0;server=akswtt00800000x;cloudType=Consumer;environment=Prod_southindia_prod-s01-004-apac-southindia;migrationStage=NotStarted}
{"logTime": "1225/134111", "correlationVector":"2a1Y/7oKzQ63EEBuX/TZXQ","action":"Commit Request", "result":"", "context":Item count: 1
Contributing types: Sessions}
{"logTime": "1225/134112", "correlationVector":"2a1Y/7oKzQ63EEBuX/TZXQ.1","action":"SyncServerConnectionManagerRequest", "result":"SYNC_SERVER_OK", "context":{"environment":"Prod_southindia_prod-s01-004-apac-southindia", "migrationStage":"NotStarted", "server":"akswtt00800000x"}}
{"logTime": "1225/134112", "correlationVector":"2a1Y/7oKzQ63EEBuX/TZXQ.2","action":"Commit Response", "result":"Success", "context":Result: Success. cV=2a1Y/7oKzQ63EEBuX/TZXQ.0;server=akswtt00800000x;cloudType=Consumer;environment=Prod_southindia_prod-s01-004-apac-southindia;migrationStage=NotStarted}
{"logTime": "1225/134200", "correlationVector":"GJY79wSjBYyK6x47jFrOKL","action":"Commit Request", "result":"", "context":Item count: 1
Contributing types: Sessions}
{"logTime": "1225/134200", "correlationVector":"GJY79wSjBYyK6x47jFrOKL.1","action":"SyncServerConnectionManagerRequest", "result":"SYNC_SERVER_OK", "context":{"environment":"Prod_southindia_prod-s01-004-apac-southindia", "migrationStage":"NotStarted", "server":"akswtt00800002b"}}
{"logTime": "1225/134200", "correlationVector":"GJY79wSjBYyK6x47jFrOKL.2","action":"Commit Response", "result":"Success", "context":Result: Success. cV=GJY79wSjBYyK6x47jFrOKL.0;server=akswtt00800002b;cloudType=Consumer;environment=Prod_southindia_prod-s01-004-apac-southindia;migrationStage=NotStarted}
{"logTime": "1225/134237", "correlationVector":"ICO07TDwWQ7HFPWWpoYugG","action":"Commit Request", "result":"", "context":Item count: 1
Contributing types: Sessions}
{"logTime": "1225/134238", "correlationVector":"ICO07TDwWQ7HFPWWpoYugG.1","action":"SyncServerConnectionManagerRequest", "result":"SYNC_SERVER_OK", "context":{"environment":"Prod_southindia_prod-s01-004-apac-southindia", "migrationStage":"NotStarted", "server":"akswtt00800000j"}}
{"logTime": "1225/134238", "correlationVector":"ICO07TDwWQ7HFPWWpoYugG.2","action":"Commit Response", "result":"Success", "context":Result: Success. cV=ICO07TDwWQ7HFPWWpoYugG.0;server=akswtt00800000j;cloudType=Consumer;environment=Prod_southindia_prod-s01-004-apac-southindia;migrationStage=NotStarted}
{"logTime": "1225/134309", "correlationVector":"R1ifjG3jBvNApdpdiCNpkM","action":"Commit Request", "result":"", "context":Item count: 1
Contributing types: Sessions}
{"logTime": "1225/134309", "correlationVector":"R1ifjG3jBvNApdpdiCNpkM.1","action":"SyncServerConnectionManagerRequest", "result":"SYNC_SERVER_OK", "context":{"environment":"Prod_southindia_prod-s01-004-apac-southindia", "migrationStage":"NotStarted", "server":"akswtt008000000"}}
{"logTime": "1225/134309", "correlationVector":"R1ifjG3jBvNApdpdiCNpkM.2","action":"Commit Response", "result":"Success", "context":Result: Success. cV=R1ifjG3jBvNApdpdiCNpkM.0;server=akswtt008000000;cloudType=Consumer;environment=Prod_southindia_prod-s01-004-apac-southindia;migrationStage=NotStarted}
{"logTime": "1225/134406", "correlationVector":"F2Ax02F8mKmSVKxvJqnRP4","action":"Commit Request", "result":"", "context":Item count: 1
Contributing types: Sessions}
{"logTime": "1225/134407", "correlationVector":"F2Ax02F8mKmSVKxvJqnRP4.1","action":"SyncServerConnectionManagerRequest", "result":"SYNC_SERVER_OK", "context":{"environment":"Prod_southindia_prod-s01-004-apac-southindia", "migrationStage":"NotStarted", "server":"akswtt00800003n"}}
{"logTime": "1225/134407", "correlationVector":"F2Ax02F8mKmSVKxvJqnRP4.2","action":"Commit Response", "result":"Success", "context":Result: Success. cV=F2Ax02F8mKmSVKxvJqnRP4.0;server=akswtt00800003n;cloudType=Consumer;environment=Prod_southindia_prod-s01-004-apac-southindia;migrationStage=NotStarted}
{"logTime": "1225/134523", "correlationVector":"mJqsVj/H91yRfEggK/Adic","action":"Commit Request", "result":"", "context":Item count: 1
Contributing types: Sessions}
{"logTime": "1225/134524", "correlationVector":"mJqsVj/H91yRfEggK/Adic.1","action":"SyncServerConnectionManagerRequest", "result":"SYNC_SERVER_OK", "context":{"environment":"Prod_southindia_prod-s01-004-apac-southindia", "migrationStage":"NotStarted", "server":"akswtt00800000h"}}
{"logTime": "1225/134524", "correlationVector":"mJqsVj/H91yRfEggK/Adic.2","action":"Commit Response", "result":"Success", "context":Result: Success. cV=mJqsVj/H91yRfEggK/Adic.0;server=akswtt00800000h;cloudType=Consumer;environment=Prod_southindia_prod-s01-004-apac-southindia;migrationStage=NotStarted}
{"logTime": "1225/134604", "correlationVector":"fkZb0h+WDTHQIF1zhv/WcH","action":"Commit Request", "result":"", "context":Item count: 1
Contributing types: Sessions}
{"logTime": "1225/134605", "correlationVector":"fkZb0h+WDTHQIF1zhv/WcH.1","action":"SyncServerConnectionManagerRequest", "result":"SYNC_SERVER_OK", "context":{"environment":"Prod_southindia_prod-s01-004-apac-southindia", "migrationStage":"NotStarted", "server":"akswtt008000016"}}
{"logTime": "1225/134605", "correlationVector":"fkZb0h+WDTHQIF1zhv/WcH.2","action":"Commit Response", "result":"Success", "context":Result: Success. cV=fkZb0h+WDTHQIF1zhv/WcH.0;server=akswtt008000016;cloudType=Consumer;environment=Prod_southindia_prod-s01-004-apac-southindia;migrationStage=NotStarted}
{"logTime": "1225/134639", "correlationVector":"jhlTcTi9Z6AUOy0UDOoAKv","action":"Commit Request", "result":"", "context":Item count: 1
Contributing types: Sessions}
{"logTime": "1225/134639", "correlationVector":"jhlTcTi9Z6AUOy0UDOoAKv.1","action":"SyncServerConnectionManagerRequest", "result":"SYNC_SERVER_OK", "context":{"environment":"Prod_southindia_prod-s01-004-apac-southindia", "migrationStage":"NotStarted", "server":"akswtt008000014"}}
{"logTime": "1225/134639", "correlationVector":"jhlTcTi9Z6AUOy0UDOoAKv.2","action":"Commit Response", "result":"Success", "context":Result: Success. cV=jhlTcTi9Z6AUOy0UDOoAKv.0;server=akswtt008000014;cloudType=Consumer;environment=Prod_southindia_prod-s01-004-apac-southindia;migrationStage=NotStarted}
{"logTime": "1225/134745", "correlationVector":"1py081ZMhWXS8hsNVc/Ps5","action":"Commit Request", "result":"", "context":Item count: 1
Contributing types: Sessions}
{"logTime": "1225/134746", "correlationVector":"1py081ZMhWXS8hsNVc/Ps5.1","action":"SyncServerConnectionManagerRequest", "result":"SYNC_SERVER_OK", "context":{"environment":"Prod_southindia_prod-s01-004-apac-southindia", "migrationStage":"NotStarted", "server":"akswtt008000001"}}
{"logTime": "1225/134746", "correlationVector":"1py081ZMhWXS8hsNVc/Ps5.2","action":"Commit Response", "result":"Success", "context":Result: Success. cV=1py081ZMhWXS8hsNVc/Ps5.0;server=akswtt008000001;cloudType=Consumer;environment=Prod_southindia_prod-s01-004-apac-southindia;migrationStage=NotStarted}
{"logTime": "1225/134830", "correlationVector":"O5hOZm5wdvlyJev9jITgcP","action":"Commit Request", "result":"", "context":Item count: 1
Contributing types: Sessions}
{"logTime": "1225/134830", "correlationVector":"O5hOZm5wdvlyJev9jITgcP.1","action":"SyncServerConnectionManagerRequest", "result":"SYNC_SERVER_OK", "context":{"environment":"Prod_southindia_prod-s01-004-apac-southindia", "migrationStage":"NotStarted", "server":"akswtt00800000m"}}
{"logTime": "1225/134830", "correlationVector":"O5hOZm5wdvlyJev9jITgcP.2","action":"Commit Response", "result":"Success", "context":Result: Success. cV=O5hOZm5wdvlyJev9jITgcP.0;server=akswtt00800000m;cloudType=Consumer;environment=Prod_southindia_prod-s01-004-apac-southindia;migrationStage=NotStarted}
{"logTime": "1225/134907", "correlationVector":"4PmCfY7KIN4+bD83fshCc0","action":"Commit Request", "result":"", "context":Item count: 1
Contributing types: Sessions}
{"logTime": "1225/134908", "correlationVector":"4PmCfY7KIN4+bD83fshCc0.1","action":"SyncServerConnectionManagerRequest", "result":"SYNC_SERVER_OK", "context":{"environment":"Prod_southindia_prod-s01-004-apac-southindia", "migrationStage":"NotStarted", "server":"akswtt00800001j"}}
{"logTime": "1225/134908", "correlationVector":"4PmCfY7KIN4+bD83fshCc0.2","action":"Commit Response", "result":"Success", "context":Result: Success. cV=4PmCfY7KIN4+bD83fshCc0.0;server=akswtt00800001j;cloudType=Consumer;environment=Prod_southindia_prod-s01-004-apac-southindia;migrationStage=NotStarted}
{"logTime": "1225/134945", "correlationVector":"8ljpYt42FOE94HFP8GAeq1","action":"Commit Request", "result":"", "context":Item count: 1
Contributing types: Sessions}
{"logTime": "1225/134946", "correlationVector":"8ljpYt42FOE94HFP8GAeq1.1","action":"SyncServerConnectionManagerRequest", "result":"SYNC_SERVER_OK", "context":{"environment":"Prod_southindia_prod-s01-004-apac-southindia", "migrationStage":"NotStarted", "server":"akswtt00800000m"}}
{"logTime": "1225/134946", "correlationVector":"8ljpYt42FOE94HFP8GAeq1.2","action":"Commit Response", "result":"Success", "context":Result: Success. cV=8ljpYt42FOE94HFP8GAeq1.0;server=akswtt00800000m;cloudType=Consumer;environment=Prod_southindia_prod-s01-004-apac-southindia;migrationStage=NotStarted}
{"logTime": "1225/135042", "correlationVector":"KiQC3w9p7vn4Xme8IftqlP","action":"Commit Request", "result":"", "context":Item count: 1
Contributing types: Sessions}
{"logTime": "1225/135042", "correlationVector":"KiQC3w9p7vn4Xme8IftqlP.1","action":"SyncServerConnectionManagerRequest", "result":"SYNC_SERVER_OK", "context":{"environment":"Prod_southindia_prod-s01-004-apac-southindia", "migrationStage":"NotStarted", "server":"akswtt00800001b"}}
{"logTime": "1225/135042", "correlationVector":"KiQC3w9p7vn4Xme8IftqlP.2","action":"Commit Response", "result":"Success", "context":Result: Success. cV=KiQC3w9p7vn4Xme8IftqlP.0;server=akswtt00800001b;cloudType=Consumer;environment=Prod_southindia_prod-s01-004-apac-southindia;migrationStage=NotStarted}
{"logTime": "1225/135128", "correlationVector":"Pa5yiTVwlSH2p+CFkth4Sq","action":"Commit Request", "result":"", "context":Item count: 1
Contributing types: Sessions}
{"logTime": "1225/135128", "correlationVector":"Pa5yiTVwlSH2p+CFkth4Sq.1","action":"SyncServerConnectionManagerRequest", "result":"SYNC_SERVER_OK", "context":{"environment":"Prod_southindia_prod-s01-004-apac-southindia", "migrationStage":"NotStarted", "server":"akswtt008000010"}}
{"logTime": "1225/135128", "correlationVector":"Pa5yiTVwlSH2p+CFkth4Sq.2","action":"Commit Response", "result":"Success", "context":Result: Success. cV=Pa5yiTVwlSH2p+CFkth4Sq.0;server=akswtt008000010;cloudType=Consumer;environment=Prod_southindia_prod-s01-004-apac-southindia;migrationStage=NotStarted}
{"logTime": "1225/135203", "correlationVector":"fW/g7zSTpIMM9lG7b1HtsQ","action":"Commit Request", "result":"", "context":Item count: 1
Contributing types: Sessions}
{"logTime": "1225/135204", "correlationVector":"fW/g7zSTpIMM9lG7b1HtsQ.1","action":"SyncServerConnectionManagerRequest", "result":"SYNC_SERVER_OK", "context":{"environment":"Prod_southindia_prod-s01-004-apac-southindia", "migrationStage":"NotStarted", "server":"akswtt008000008"}}
{"logTime": "1225/135204", "correlationVector":"fW/g7zSTpIMM9lG7b1HtsQ.2","action":"Commit Response", "result":"Success", "context":Result: Success. cV=fW/g7zSTpIMM9lG7b1HtsQ.0;server=akswtt008000008;cloudType=Consumer;environment=Prod_southindia_prod-s01-004-apac-southindia;migrationStage=NotStarted}
{"logTime": "1225/135246", "correlationVector":"8Mita8pRaLqDats57ze0Gn","action":"Commit Request", "result":"", "context":Item count: 1
Contributing types: Sessions}
{"logTime": "1225/135247", "correlationVector":"8Mita8pRaLqDats57ze0Gn.1","action":"SyncServerConnectionManagerRequest", "result":"SYNC_SERVER_OK", "context":{"environment":"Prod_southindia_prod-s01-004-apac-southindia", "migrationStage":"NotStarted", "server":"akswtt00800000p"}}
{"logTime": "1225/135247", "correlationVector":"8Mita8pRaLqDats57ze0Gn.2","action":"Commit Response", "result":"Success", "context":Result: Success. cV=8Mita8pRaLqDats57ze0Gn.0;server=akswtt00800000p;cloudType=Consumer;environment=Prod_southindia_prod-s01-004-apac-southindia;migrationStage=NotStarted}
{"logTime": "1225/135700", "correlationVector":"DLUr2HONsrSAuJD4iPNQUX","action":"Commit Request", "result":"", "context":Item count: 1
Contributing types: Sessions}
{"logTime": "1225/135701", "correlationVector":"DLUr2HONsrSAuJD4iPNQUX.1","action":"SyncServerConnectionManagerRequest", "result":"SYNC_SERVER_OK", "context":{"environment":"Prod_southindia_prod-s01-004-apac-southindia", "migrationStage":"NotStarted", "server":"akswtt00800000q"}}
{"logTime": "1225/135701", "correlationVector":"DLUr2HONsrSAuJD4iPNQUX.2","action":"Commit Response", "result":"Success", "context":Result: Success. cV=DLUr2HONsrSAuJD4iPNQUX.0;server=akswtt00800000q;cloudType=Consumer;environment=Prod_southindia_prod-s01-004-apac-southindia;migrationStage=NotStarted}
{"logTime": "1225/135734", "correlationVector":"XddorrqnvOgULNnPJTImjL","action":"Commit Request", "result":"", "context":Item count: 1
Contributing types: Sessions}
{"logTime": "1225/135735", "correlationVector":"XddorrqnvOgULNnPJTImjL.1","action":"SyncServerConnectionManagerRequest", "result":"SYNC_SERVER_OK", "context":{"environment":"Prod_southindia_prod-s01-004-apac-southindia", "migrationStage":"NotStarted", "server":"akswtt00800001c"}}
{"logTime": "1225/135735", "correlationVector":"XddorrqnvOgULNnPJTImjL.2","action":"Commit Response", "result":"Success", "context":Result: Success. cV=XddorrqnvOgULNnPJTImjL.0;server=akswtt00800001c;cloudType=Consumer;environment=Prod_southindia_prod-s01-004-apac-southindia;migrationStage=NotStarted}
{"logTime": "1225/140219", "correlationVector":"7Hys4JSg8TV1RS7yBXM5ve","action":"Commit Request", "result":"", "context":Item count: 1
Contributing types: Sessions}
{"logTime": "1225/140220", "correlationVector":"7Hys4JSg8TV1RS7yBXM5ve.1","action":"SyncServerConnectionManagerRequest", "result":"SYNC_SERVER_OK", "context":{"environment":"Prod_southindia_prod-s01-004-apac-southindia", "migrationStage":"NotStarted", "server":"akswtt008000022"}}
{"logTime": "1225/140220", "correlationVector":"7Hys4JSg8TV1RS7yBXM5ve.2","action":"Commit Response", "result":"Success", "context":Result: Success. cV=7Hys4JSg8TV1RS7yBXM5ve.0;server=akswtt008000022;cloudType=Consumer;environment=Prod_southindia_prod-s01-004-apac-southindia;migrationStage=NotStarted}
{"logTime": "1225/140539", "correlationVector":"GIdWaafOAxPFssDndJyk40","action":"Commit Request", "result":"", "context":Item count: 1
Contributing types: Sessions}
{"logTime": "1225/140540", "correlationVector":"GIdWaafOAxPFssDndJyk40.1","action":"SyncServerConnectionManagerRequest", "result":"SYNC_SERVER_OK", "context":{"environment":"Prod_southindia_prod-s01-004-apac-southindia", "migrationStage":"NotStarted", "server":"akswtt00800001e"}}
{"logTime": "1225/140540", "correlationVector":"GIdWaafOAxPFssDndJyk40.2","action":"Commit Response", "result":"Success", "context":Result: Success. cV=GIdWaafOAxPFssDndJyk40.0;server=akswtt00800001e;cloudType=Consumer;environment=Prod_southindia_prod-s01-004-apac-southindia;migrationStage=NotStarted}
{"logTime": "1225/140732", "correlationVector":"XHCL2FbYk3IEaJswr+Trh2","action":"Commit Request", "result":"", "context":Item count: 1
Contributing types: Sessions}
{"logTime": "1225/140733", "correlationVector":"XHCL2FbYk3IEaJswr+Trh2.1","action":"SyncServerConnectionManagerRequest", "result":"SYNC_SERVER_OK", "context":{"environment":"Prod_southindia_prod-s01-004-apac-southindia", "migrationStage":"NotStarted", "server":"akswtt008000005"}}
{"logTime": "1225/140733", "correlationVector":"XHCL2FbYk3IEaJswr+Trh2.2","action":"Commit Response", "result":"Success", "context":Result: Success. cV=XHCL2FbYk3IEaJswr+Trh2.0;server=akswtt008000005;cloudType=Consumer;environment=Prod_southindia_prod-s01-004-apac-southindia;migrationStage=NotStarted}
{"logTime": "1225/140808", "correlationVector":"tQUbTtqPr+Kk3VuPgB6QwH","action":"Commit Request", "result":"", "context":Item count: 1
Contributing types: Sessions}
{"logTime": "1225/140809", "correlationVector":"tQUbTtqPr+Kk3VuPgB6QwH.1","action":"SyncServerConnectionManagerRequest", "result":"SYNC_SERVER_OK", "context":{"environment":"Prod_southindia_prod-s01-004-apac-southindia", "migrationStage":"NotStarted", "server":"akswtt008000037"}}
{"logTime": "1225/140809", "correlationVector":"tQUbTtqPr+Kk3VuPgB6QwH.2","action":"Commit Response", "result":"Success", "context":Result: Success. cV=tQUbTtqPr+Kk3VuPgB6QwH.0;server=akswtt008000037;cloudType=Consumer;environment=Prod_southindia_prod-s01-004-apac-southindia;migrationStage=NotStarted}
{"logTime": "1225/141400", "correlationVector":"cz/DnVw+UVUXaPtH1ru4TP","action":"Commit Request", "result":"", "context":Item count: 1
Contributing types: Sessions}
{"logTime": "1225/141400", "correlationVector":"cz/DnVw+UVUXaPtH1ru4TP.1","action":"SyncServerConnectionManagerRequest", "result":"SYNC_SERVER_OK", "context":{"environment":"Prod_southindia_prod-s01-004-apac-southindia", "migrationStage":"NotStarted", "server":"akswtt00800000b"}}
{"logTime": "1225/141400", "correlationVector":"cz/DnVw+UVUXaPtH1ru4TP.2","action":"Commit Response", "result":"Success", "context":Result: Success. cV=cz/DnVw+UVUXaPtH1ru4TP.0;server=akswtt00800000b;cloudType=Consumer;environment=Prod_southindia_prod-s01-004-apac-southindia;migrationStage=NotStarted}
{"logTime": "1225/141615", "correlationVector":"BKXt8/2n1VnFl3d4kJ2qAP","action":"Commit Request", "result":"", "context":Item count: 1
Contributing types: Sessions}
{"logTime": "1225/141616", "correlationVector":"BKXt8/2n1VnFl3d4kJ2qAP.1","action":"SyncServerConnectionManagerRequest", "result":"SYNC_SERVER_OK", "context":{"environment":"Prod_southindia_prod-s01-004-apac-southindia", "migrationStage":"NotStarted", "server":"akswtt00800002f"}}
{"logTime": "1225/141616", "correlationVector":"BKXt8/2n1VnFl3d4kJ2qAP.2","action":"Commit Response", "result":"Success", "context":Result: Success. cV=BKXt8/2n1VnFl3d4kJ2qAP.0;server=akswtt00800002f;cloudType=Consumer;environment=Prod_southindia_prod-s01-004-apac-southindia;migrationStage=NotStarted}
{"logTime": "1225/141745", "correlationVector":"tnVuoFQQgYek2fHpc7+hgF","action":"Commit Request", "result":"", "context":Item count: 1
Contributing types: Sessions}
{"logTime": "1225/141746", "correlationVector":"tnVuoFQQgYek2fHpc7+hgF.1","action":"SyncServerConnectionManagerRequest", "result":"SYNC_SERVER_OK", "context":{"environment":"Prod_southindia_prod-s01-004-apac-southindia", "migrationStage":"NotStarted", "server":"akswtt008000016"}}
{"logTime": "1225/141746", "correlationVector":"tnVuoFQQgYek2fHpc7+hgF.2","action":"Commit Response", "result":"Success", "context":Result: Success. cV=tnVuoFQQgYek2fHpc7+hgF.0;server=akswtt008000016;cloudType=Consumer;environment=Prod_southindia_prod-s01-004-apac-southindia;migrationStage=NotStarted}
{"logTime": "1225/141818", "correlationVector":"XXhNDGbX3h32oe4cSBprXq","action":"Commit Request", "result":"", "context":Item count: 1
Contributing types: Sessions}
{"logTime": "1225/141819", "correlationVector":"XXhNDGbX3h32oe4cSBprXq.1","action":"SyncServerConnectionManagerRequest", "result":"SYNC_SERVER_OK", "context":{"environment":"Prod_southindia_prod-s01-004-apac-southindia", "migrationStage":"NotStarted", "server":"akswtt00800000c"}}
{"logTime": "1225/141819", "correlationVector":"XXhNDGbX3h32oe4cSBprXq.2","action":"Commit Response", "result":"Success", "context":Result: Success. cV=XXhNDGbX3h32oe4cSBprXq.0;server=akswtt00800000c;cloudType=Consumer;environment=Prod_southindia_prod-s01-004-apac-southindia;migrationStage=NotStarted}
{"logTime": "1225/141939", "correlationVector":"RfGsc2rtoFx90KbPvRqA+2","action":"Commit Request", "result":"", "context":Item count: 1
Contributing types: Sessions}
{"logTime": "1225/141940", "correlationVector":"RfGsc2rtoFx90KbPvRqA+2.1","action":"SyncServerConnectionManagerRequest", "result":"SYNC_SERVER_OK", "context":{"environment":"Prod_southindia_prod-s01-004-apac-southindia", "migrationStage":"NotStarted", "server":"akswtt00800002f"}}
{"logTime": "1225/141940", "correlationVector":"RfGsc2rtoFx90KbPvRqA+2.2","action":"Commit Response", "result":"Success", "context":Result: Success. cV=RfGsc2rtoFx90KbPvRqA+2.0;server=akswtt00800002f;cloudType=Consumer;environment=Prod_southindia_prod-s01-004-apac-southindia;migrationStage=NotStarted}
{"logTime": "1225/142454", "correlationVector":"pEwgYLUv8nnONdIagYmrJa","action":"Commit Request", "result":"", "context":Item count: 1
Contributing types: Sessions}
{"logTime": "1225/142454", "correlationVector":"pEwgYLUv8nnONdIagYmrJa.1","action":"SyncServerConnectionManagerRequest", "result":"SYNC_SERVER_OK", "context":{"environment":"Prod_southindia_prod-s01-004-apac-southindia", "migrationStage":"NotStarted", "server":"akswtt008000001"}}
{"logTime": "1225/142454", "correlationVector":"pEwgYLUv8nnONdIagYmrJa.2","action":"Commit Response", "result":"Success", "context":Result: Success. cV=pEwgYLUv8nnONdIagYmrJa.0;server=akswtt008000001;cloudType=Consumer;environment=Prod_southindia_prod-s01-004-apac-southindia;migrationStage=NotStarted}
{"logTime": "1225/142929", "correlationVector":"tUzBobaF7jOlLJ3+1KGDPu","action":"Commit Request", "result":"", "context":Item count: 1
Contributing types: Sessions}
{"logTime": "1225/142930", "correlationVector":"tUzBobaF7jOlLJ3+1KGDPu.1","action":"SyncServerConnectionManagerRequest", "result":"SYNC_SERVER_OK", "context":{"environment":"Prod_southindia_prod-s01-004-apac-southindia", "migrationStage":"NotStarted", "server":"akswtt00800001t"}}
{"logTime": "1225/142930", "correlationVector":"tUzBobaF7jOlLJ3+1KGDPu.2","action":"Commit Response", "result":"Success", "context":Result: Success. cV=tUzBobaF7jOlLJ3+1KGDPu.0;server=akswtt00800001t;cloudType=Consumer;environment=Prod_southindia_prod-s01-004-apac-southindia;migrationStage=NotStarted}
{"logTime": "1225/143003", "correlationVector":"9Ivbd5D/nQaJqm3lL8WisN","action":"Commit Request", "result":"", "context":Item count: 1
Contributing types: Sessions}
{"logTime": "1225/143003", "correlationVector":"9Ivbd5D/nQaJqm3lL8WisN.1","action":"SyncServerConnectionManagerRequest", "result":"SYNC_SERVER_OK", "context":{"environment":"Prod_southindia_prod-s01-004-apac-southindia", "migrationStage":"NotStarted", "server":"akswtt008000004"}}
{"logTime": "1225/143003", "correlationVector":"9Ivbd5D/nQaJqm3lL8WisN.2","action":"Commit Response", "result":"Success", "context":Result: Success. cV=9Ivbd5D/nQaJqm3lL8WisN.0;server=akswtt008000004;cloudType=Consumer;environment=Prod_southindia_prod-s01-004-apac-southindia;migrationStage=NotStarted}
{"logTime": "1225/144741", "correlationVector":"PwCIY6uXdRj7gP/3H3v7hd","action":"Commit Request", "result":"", "context":Item count: 1
Contributing types: Sessions}
{"logTime": "1225/144742", "correlationVector":"PwCIY6uXdRj7gP/3H3v7hd.1","action":"SyncServerConnectionManagerRequest", "result":"SYNC_SERVER_OK", "context":{"environment":"Prod_southindia_prod-s01-004-apac-southindia", "migrationStage":"NotStarted", "server":"akswtt00800000d"}}
{"logTime": "1225/144742", "correlationVector":"PwCIY6uXdRj7gP/3H3v7hd.2","action":"Commit Response", "result":"Success", "context":Result: Success. cV=PwCIY6uXdRj7gP/3H3v7hd.0;server=akswtt00800000d;cloudType=Consumer;environment=Prod_southindia_prod-s01-004-apac-southindia;migrationStage=NotStarted}
{"logTime": "1225/144812", "correlationVector":"a7svipXw60iZP7StmNYDia","action":"Commit Request", "result":"", "context":Item count: 1
Contributing types: Sessions}
{"logTime": "1225/144812", "correlationVector":"a7svipXw60iZP7StmNYDia.1","action":"SyncServerConnectionManagerRequest", "result":"SYNC_SERVER_OK", "context":{"environment":"Prod_southindia_prod-s01-004-apac-southindia", "migrationStage":"NotStarted", "server":"akswtt00800001a"}}
{"logTime": "1225/144812", "correlationVector":"a7svipXw60iZP7StmNYDia.2","action":"Commit Response", "result":"Success", "context":Result: Success. cV=a7svipXw60iZP7StmNYDia.0;server=akswtt00800001a;cloudType=Consumer;environment=Prod_southindia_prod-s01-004-apac-southindia;migrationStage=NotStarted}
{"logTime": "1225/144907", "correlationVector":"NXQj+qpDTIp9oAzoIQbQAp","action":"Commit Request", "result":"", "context":Item count: 1
Contributing types: Sessions}
{"logTime": "1225/144908", "correlationVector":"NXQj+qpDTIp9oAzoIQbQAp.1","action":"SyncServerConnectionManagerRequest", "result":"SYNC_SERVER_OK", "context":{"environment":"Prod_southindia_prod-s01-004-apac-southindia", "migrationStage":"NotStarted", "server":"akswtt00800001w"}}
{"logTime": "1225/144908", "correlationVector":"NXQj+qpDTIp9oAzoIQbQAp.2","action":"Commit Response", "result":"Success", "context":Result: Success. cV=NXQj+qpDTIp9oAzoIQbQAp.0;server=akswtt00800001w;cloudType=Consumer;environment=Prod_southindia_prod-s01-004-apac-southindia;migrationStage=NotStarted}
{"logTime": "1225/145134", "correlationVector":"RHYbjPuP5AwzG1BER0p02Z","action":"Commit Request", "result":"", "context":Item count: 1
Contributing types: Sessions}
{"logTime": "1225/145135", "correlationVector":"RHYbjPuP5AwzG1BER0p02Z.1","action":"SyncServerConnectionManagerRequest", "result":"SYNC_SERVER_OK", "context":{"environment":"Prod_southindia_prod-s01-004-apac-southindia", "migrationStage":"NotStarted", "server":"akswtt00800001l"}}
{"logTime": "1225/145135", "correlationVector":"RHYbjPuP5AwzG1BER0p02Z.2","action":"Commit Response", "result":"Success", "context":Result: Success. cV=RHYbjPuP5AwzG1BER0p02Z.0;server=akswtt00800001l;cloudType=Consumer;environment=Prod_southindia_prod-s01-004-apac-southindia;migrationStage=NotStarted}
{"logTime": "1225/145205", "correlationVector":"Bvrgkw3PpTU4dARu/WzNEf","action":"Commit Request", "result":"", "context":Item count: 1
Contributing types: Sessions}
{"logTime": "1225/145205", "correlationVector":"Bvrgkw3PpTU4dARu/WzNEf.1","action":"SyncServerConnectionManagerRequest", "result":"SYNC_SERVER_OK", "context":{"environment":"Prod_southindia_prod-s01-004-apac-southindia", "migrationStage":"NotStarted", "server":"akswtt00800000k"}}
{"logTime": "1225/145205", "correlationVector":"Bvrgkw3PpTU4dARu/WzNEf.2","action":"Commit Response", "result":"Success", "context":Result: Success. cV=Bvrgkw3PpTU4dARu/WzNEf.0;server=akswtt00800000k;cloudType=Consumer;environment=Prod_southindia_prod-s01-004-apac-southindia;migrationStage=NotStarted}
{"logTime": "1225/145530", "correlationVector":"PQ0OXYsYxGwnwMJndeQ0LI","action":"Commit Request", "result":"", "context":Item count: 1
Contributing types: Sessions}
{"logTime": "1225/145531", "correlationVector":"PQ0OXYsYxGwnwMJndeQ0LI.1","action":"SyncServerConnectionManagerRequest", "result":"SYNC_SERVER_OK", "context":{"environment":"Prod_southindia_prod-s01-004-apac-southindia", "migrationStage":"NotStarted", "server":"akswtt00800001y"}}
{"logTime": "1225/145531", "correlationVector":"PQ0OXYsYxGwnwMJndeQ0LI.2","action":"Commit Response", "result":"Success", "context":Result: Success. cV=PQ0OXYsYxGwnwMJndeQ0LI.0;server=akswtt00800001y;cloudType=Consumer;environment=Prod_southindia_prod-s01-004-apac-southindia;migrationStage=NotStarted}
{"logTime": "1225/145735", "correlationVector":"hHhDYJb8cecaaXZkXBT+OD","action":"Commit Request", "result":"", "context":Item count: 1
Contributing types: Sessions}
{"logTime": "1225/145735", "correlationVector":"hHhDYJb8cecaaXZkXBT+OD.1","action":"SyncServerConnectionManagerRequest", "result":"SYNC_SERVER_OK", "context":{"environment":"Prod_southindia_prod-s01-004-apac-southindia", "migrationStage":"NotStarted", "server":"akswtt008000002"}}
{"logTime": "1225/145735", "correlationVector":"hHhDYJb8cecaaXZkXBT+OD.2","action":"Commit Response", "result":"Success", "context":Result: Success. cV=hHhDYJb8cecaaXZkXBT+OD.0;server=akswtt008000002;cloudType=Consumer;environment=Prod_southindia_prod-s01-004-apac-southindia;migrationStage=NotStarted}
{"logTime": "1225/145816", "correlationVector":"fQvKCdLo1S3Yt8+icEgbOt","action":"Commit Request", "result":"", "context":Item count: 1
Contributing types: Sessions}
{"logTime": "1225/145816", "correlationVector":"fQvKCdLo1S3Yt8+icEgbOt.1","action":"SyncServerConnectionManagerRequest", "result":"SYNC_SERVER_OK", "context":{"environment":"Prod_southindia_prod-s01-004-apac-southindia", "migrationStage":"NotStarted", "server":"akswtt00800000u"}}
{"logTime": "1225/145816", "correlationVector":"fQvKCdLo1S3Yt8+icEgbOt.2","action":"Commit Response", "result":"Success", "context":Result: Success. cV=fQvKCdLo1S3Yt8+icEgbOt.0;server=akswtt00800000u;cloudType=Consumer;environment=Prod_southindia_prod-s01-004-apac-southindia;migrationStage=NotStarted}
{"logTime": "1225/145916", "correlationVector":"+GVv2Z6lqjjHztCZjukl+0","action":"Commit Request", "result":"", "context":Item count: 1
Contributing types: Sessions}
{"logTime": "1225/145916", "correlationVector":"+GVv2Z6lqjjHztCZjukl+0.1","action":"SyncServerConnectionManagerRequest", "result":"SYNC_SERVER_OK", "context":{"environment":"Prod_southindia_prod-s01-004-apac-southindia", "migrationStage":"NotStarted", "server":"akswtt00800002y"}}
{"logTime": "1225/145916", "correlationVector":"+GVv2Z6lqjjHztCZjukl+0.2","action":"Commit Response", "result":"Success", "context":Result: Success. cV=+GVv2Z6lqjjHztCZjukl+0.0;server=akswtt00800002y;cloudType=Consumer;environment=Prod_southindia_prod-s01-004-apac-southindia;migrationStage=NotStarted}
{"logTime": "1225/150006", "correlationVector":"JkfUqoRU/r8dJ0913gwCRn","action":"Commit Request", "result":"", "context":Item count: 1
Contributing types: Sessions}
{"logTime": "1225/150006", "correlationVector":"JkfUqoRU/r8dJ0913gwCRn.1","action":"SyncServerConnectionManagerRequest", "result":"SYNC_SERVER_OK", "context":{"environment":"Prod_southindia_prod-s01-004-apac-southindia", "migrationStage":"NotStarted", "server":"akswtt008000016"}}
{"logTime": "1225/150006", "correlationVector":"JkfUqoRU/r8dJ0913gwCRn.2","action":"Commit Response", "result":"Success", "context":Result: Success. cV=JkfUqoRU/r8dJ0913gwCRn.0;server=akswtt008000016;cloudType=Consumer;environment=Prod_southindia_prod-s01-004-apac-southindia;migrationStage=NotStarted}
{"logTime": "1225/150038", "correlationVector":"g/HVJZ81vAfC0YK0XPy5VA","action":"Commit Request", "result":"", "context":Item count: 1
Contributing types: Sessions}
{"logTime": "1225/150038", "correlationVector":"g/HVJZ81vAfC0YK0XPy5VA.1","action":"SyncServerConnectionManagerRequest", "result":"SYNC_SERVER_OK", "context":{"environment":"Prod_southindia_prod-s01-004-apac-southindia", "migrationStage":"NotStarted", "server":"akswtt00800000v"}}
{"logTime": "1225/150038", "correlationVector":"g/HVJZ81vAfC0YK0XPy5VA.2","action":"Commit Response", "result":"Success", "context":Result: Success. cV=g/HVJZ81vAfC0YK0XPy5VA.0;server=akswtt00800000v;cloudType=Consumer;environment=Prod_southindia_prod-s01-004-apac-southindia;migrationStage=NotStarted}
{"logTime": "1225/151040", "correlationVector":"RKlaLCnemQKhopVrau5L8I","action":"Commit Request", "result":"", "context":Item count: 1
Contributing types: Sessions}
{"logTime": "1225/151041", "correlationVector":"RKlaLCnemQKhopVrau5L8I.1","action":"SyncServerConnectionManagerRequest", "result":"SYNC_SERVER_OK", "context":{"environment":"Prod_southindia_prod-s01-004-apac-southindia", "migrationStage":"NotStarted", "server":"akswtt008000004"}}
{"logTime": "1225/151041", "correlationVector":"RKlaLCnemQKhopVrau5L8I.2","action":"Commit Response", "result":"Success", "context":Result: Success. cV=RKlaLCnemQKhopVrau5L8I.0;server=akswtt008000004;cloudType=Consumer;environment=Prod_southindia_prod-s01-004-apac-southindia;migrationStage=NotStarted}
{"logTime": "1225/151313", "correlationVector":"/D7lcY1GOctpMKhcJ/qBQf","action":"Commit Request", "result":"", "context":Item count: 1
Contributing types: Sessions}
{"logTime": "1225/151314", "correlationVector":"/D7lcY1GOctpMKhcJ/qBQf.1","action":"SyncServerConnectionManagerRequest", "result":"SYNC_SERVER_OK", "context":{"environment":"Prod_southindia_prod-s01-004-apac-southindia", "migrationStage":"NotStarted", "server":"akswtt00800000k"}}
{"logTime": "1225/151314", "correlationVector":"/D7lcY1GOctpMKhcJ/qBQf.2","action":"Commit Response", "result":"Success", "context":Result: Success. cV=/D7lcY1GOctpMKhcJ/qBQf.0;server=akswtt00800000k;cloudType=Consumer;environment=Prod_southindia_prod-s01-004-apac-southindia;migrationStage=NotStarted}
{"logTime": "1225/152002", "correlationVector":"bBudcVZQ8xTwb10tzZOM5J","action":"Commit Request", "result":"", "context":Item count: 1
Contributing types: Sessions}
{"logTime": "1225/152002", "correlationVector":"bBudcVZQ8xTwb10tzZOM5J.1","action":"SyncServerConnectionManagerRequest", "result":"SYNC_SERVER_OK", "context":{"environment":"Prod_southindia_prod-s01-004-apac-southindia", "migrationStage":"NotStarted", "server":"akswtt00800001r"}}
{"logTime": "1225/152002", "correlationVector":"bBudcVZQ8xTwb10tzZOM5J.2","action":"Commit Response", "result":"Success", "context":Result: Success. cV=bBudcVZQ8xTwb10tzZOM5J.0;server=akswtt00800001r;cloudType=Consumer;environment=Prod_southindia_prod-s01-004-apac-southindia;migrationStage=NotStarted}
{"logTime": "1225/152039", "correlationVector":"n3Bemf99sN1CJZSQVEs0ku","action":"Commit Request", "result":"", "context":Item count: 1
Contributing types: Sessions}
{"logTime": "1225/152039", "correlationVector":"n3Bemf99sN1CJZSQVEs0ku.1","action":"SyncServerConnectionManagerRequest", "result":"SYNC_SERVER_OK", "context":{"environment":"Prod_southindia_prod-s01-004-apac-southindia", "migrationStage":"NotStarted", "server":"akswtt00800001a"}}
{"logTime": "1225/152039", "correlationVector":"n3Bemf99sN1CJZSQVEs0ku.2","action":"Commit Response", "result":"Success", "context":Result: Success. cV=n3Bemf99sN1CJZSQVEs0ku.0;server=akswtt00800001a;cloudType=Consumer;environment=Prod_southindia_prod-s01-004-apac-southindia;migrationStage=NotStarted}
{"logTime": "1225/152258", "correlationVector":"Z10CnSGI4bMoQccMISPYz5","action":"Commit Request", "result":"", "context":Item count: 1
Contributing types: Sessions}
{"logTime": "1225/152259", "correlationVector":"Z10CnSGI4bMoQccMISPYz5.1","action":"SyncServerConnectionManagerRequest", "result":"SYNC_SERVER_OK", "context":{"environment":"Prod_southindia_prod-s01-004-apac-southindia", "migrationStage":"NotStarted", "server":"akswtt008000017"}}
{"logTime": "1225/152259", "correlationVector":"Z10CnSGI4bMoQccMISPYz5.2","action":"Commit Response", "result":"Success", "context":Result: Success. cV=Z10CnSGI4bMoQccMISPYz5.0;server=akswtt008000017;cloudType=Consumer;environment=Prod_southindia_prod-s01-004-apac-southindia;migrationStage=NotStarted}
{"logTime": "1225/152644", "correlationVector":"eaoJ0MFM8HKaeDsLbKwP9o","action":"Commit Request", "result":"", "context":Item count: 1
Contributing types: Sessions}
{"logTime": "1225/152645", "correlationVector":"eaoJ0MFM8HKaeDsLbKwP9o.1","action":"SyncServerConnectionManagerRequest", "result":"SYNC_SERVER_OK", "context":{"environment":"Prod_southindia_prod-s01-004-apac-southindia", "migrationStage":"NotStarted", "server":"akswtt00800001c"}}
{"logTime": "1225/152645", "correlationVector":"eaoJ0MFM8HKaeDsLbKwP9o.2","action":"Commit Response", "result":"Success", "context":Result: Success. cV=eaoJ0MFM8HKaeDsLbKwP9o.0;server=akswtt00800001c;cloudType=Consumer;environment=Prod_southindia_prod-s01-004-apac-southindia;migrationStage=NotStarted}
{"logTime": "1225/152913", "correlationVector":"g4I36s11MUf2PWa8vXNeOM","action":"Commit Request", "result":"", "context":Item count: 1
Contributing types: Sessions}
{"logTime": "1225/152914", "correlationVector":"g4I36s11MUf2PWa8vXNeOM.1","action":"SyncServerConnectionManagerRequest", "result":"SYNC_SERVER_OK", "context":{"environment":"Prod_southindia_prod-s01-004-apac-southindia", "migrationStage":"NotStarted", "server":"akswtt00800001f"}}
{"logTime": "1225/152914", "correlationVector":"g4I36s11MUf2PWa8vXNeOM.2","action":"Commit Response", "result":"Success", "context":Result: Success. cV=g4I36s11MUf2PWa8vXNeOM.0;server=akswtt00800001f;cloudType=Consumer;environment=Prod_southindia_prod-s01-004-apac-southindia;migrationStage=NotStarted}
{"logTime": "1225/152944", "correlationVector":"tir1sCZ/RYqTOtLdhx5bq7","action":"Commit Request", "result":"", "context":Item count: 1
Contributing types: Sessions}
{"logTime": "1225/152945", "correlationVector":"tir1sCZ/RYqTOtLdhx5bq7.1","action":"SyncServerConnectionManagerRequest", "result":"SYNC_SERVER_OK", "context":{"environment":"Prod_southindia_prod-s01-004-apac-southindia", "migrationStage":"NotStarted", "server":"akswtt008000034"}}
{"logTime": "1225/152945", "correlationVector":"tir1sCZ/RYqTOtLdhx5bq7.2","action":"Commit Response", "result":"Success", "context":Result: Success. cV=tir1sCZ/RYqTOtLdhx5bq7.0;server=akswtt008000034;cloudType=Consumer;environment=Prod_southindia_prod-s01-004-apac-southindia;migrationStage=NotStarted}
{"logTime": "1225/153307", "correlationVector":"EaZuxGa5I/Ggj2+i8agAa7","action":"Commit Request", "result":"", "context":Item count: 1
Contributing types: Sessions}
{"logTime": "1225/153308", "correlationVector":"EaZuxGa5I/Ggj2+i8agAa7.1","action":"SyncServerConnectionManagerRequest", "result":"SYNC_SERVER_OK", "context":{"environment":"Prod_southindia_prod-s01-004-apac-southindia", "migrationStage":"NotStarted", "server":"akswtt008000000"}}
{"logTime": "1225/153308", "correlationVector":"EaZuxGa5I/Ggj2+i8agAa7.2","action":"Commit Response", "result":"Success", "context":Result: Success. cV=EaZuxGa5I/Ggj2+i8agAa7.0;server=akswtt008000000;cloudType=Consumer;environment=Prod_southindia_prod-s01-004-apac-southindia;migrationStage=NotStarted}
{"logTime": "1225/153643", "correlationVector":"+lmOZSlNTHgaOzjdTTIQAn","action":"Commit Request", "result":"", "context":Item count: 1
Contributing types: Sessions}
{"logTime": "1225/153644", "correlationVector":"+lmOZSlNTHgaOzjdTTIQAn.1","action":"SyncServerConnectionManagerRequest", "result":"SYNC_SERVER_OK", "context":{"environment":"Prod_southindia_prod-s01-004-apac-southindia", "migrationStage":"NotStarted", "server":"akswtt008000008"}}
{"logTime": "1225/153644", "correlationVector":"+lmOZSlNTHgaOzjdTTIQAn.2","action":"Commit Response", "result":"Success", "context":Result: Success. cV=+lmOZSlNTHgaOzjdTTIQAn.0;server=akswtt008000008;cloudType=Consumer;environment=Prod_southindia_prod-s01-004-apac-southindia;migrationStage=NotStarted}
{"logTime": "1225/154803", "correlationVector":"bxDAwNXaWyf5TYfiPB6/bL","action":"Commit Request", "result":"", "context":Item count: 1
Contributing types: Sessions}
{"logTime": "1225/154804", "correlationVector":"bxDAwNXaWyf5TYfiPB6/bL.1","action":"SyncServerConnectionManagerRequest", "result":"SYNC_SERVER_OK", "context":{"environment":"Prod_southindia_prod-s01-004-apac-southindia", "migrationStage":"NotStarted", "server":"akswtt008000001"}}
{"logTime": "1225/154804", "correlationVector":"bxDAwNXaWyf5TYfiPB6/bL.2","action":"Commit Response", "result":"Success", "context":Result: Success. cV=bxDAwNXaWyf5TYfiPB6/bL.0;server=akswtt008000001;cloudType=Consumer;environment=Prod_southindia_prod-s01-004-apac-southindia;migrationStage=NotStarted}
{"logTime": "1225/154908", "correlationVector":"7/RgCNDf8cb7xUtw+4+tje","action":"Commit Request", "result":"", "context":Item count: 1
Contributing types: Sessions}
{"logTime": "1225/154909", "correlationVector":"7/RgCNDf8cb7xUtw+4+tje.1","action":"SyncServerConnectionManagerRequest", "result":"SYNC_SERVER_OK", "context":{"environment":"Prod_southindia_prod-s01-004-apac-southindia", "migrationStage":"NotStarted", "server":"akswtt008000012"}}
{"logTime": "1225/154909", "correlationVector":"7/RgCNDf8cb7xUtw+4+tje.2","action":"Commit Response", "result":"Success", "context":Result: Success. cV=7/RgCNDf8cb7xUtw+4+tje.0;server=akswtt008000012;cloudType=Consumer;environment=Prod_southindia_prod-s01-004-apac-southindia;migrationStage=NotStarted}
{"logTime": "1225/154946", "correlationVector":"uVcdiFwu8ygrShOwiDGZIr","action":"Commit Request", "result":"", "context":Item count: 1
Contributing types: Sessions}
{"logTime": "1225/154946", "correlationVector":"uVcdiFwu8ygrShOwiDGZIr.1","action":"SyncServerConnectionManagerRequest", "result":"SYNC_SERVER_OK", "context":{"environment":"Prod_southindia_prod-s01-004-apac-southindia", "migrationStage":"NotStarted", "server":"akswtt008000011"}}
{"logTime": "1225/154946", "correlationVector":"uVcdiFwu8ygrShOwiDGZIr.2","action":"Commit Response", "result":"Success", "context":Result: Success. cV=uVcdiFwu8ygrShOwiDGZIr.0;server=akswtt008000011;cloudType=Consumer;environment=Prod_southindia_prod-s01-004-apac-southindia;migrationStage=NotStarted}
{"logTime": "1225/155418", "correlationVector":"MS4mRjUpS4T+npvVbPUs8C","action":"Commit Request", "result":"", "context":Item count: 1
Contributing types: Sessions}
{"logTime": "1225/155419", "correlationVector":"MS4mRjUpS4T+npvVbPUs8C.1","action":"SyncServerConnectionManagerRequest", "result":"SYNC_SERVER_OK", "context":{"environment":"Prod_southindia_prod-s01-004-apac-southindia", "migrationStage":"NotStarted", "server":"akswtt00800000i"}}
{"logTime": "1225/155419", "correlationVector":"MS4mRjUpS4T+npvVbPUs8C.2","action":"Commit Response", "result":"Success", "context":Result: Success. cV=MS4mRjUpS4T+npvVbPUs8C.0;server=akswtt00800000i;cloudType=Consumer;environment=Prod_southindia_prod-s01-004-apac-southindia;migrationStage=NotStarted}
{"logTime": "1225/155500", "correlationVector":"Sl+g4lWQpYvcVgwVs708rH","action":"Commit Request", "result":"", "context":Item count: 1
Contributing types: Sessions}
{"logTime": "1225/155501", "correlationVector":"Sl+g4lWQpYvcVgwVs708rH.1","action":"SyncServerConnectionManagerRequest", "result":"SYNC_SERVER_OK", "context":{"environment":"Prod_southindia_prod-s01-004-apac-southindia", "migrationStage":"NotStarted", "server":"akswtt00800000w"}}
{"logTime": "1225/155501", "correlationVector":"Sl+g4lWQpYvcVgwVs708rH.2","action":"Commit Response", "result":"Success", "context":Result: Success. cV=Sl+g4lWQpYvcVgwVs708rH.0;server=akswtt00800000w;cloudType=Consumer;environment=Prod_southindia_prod-s01-004-apac-southindia;migrationStage=NotStarted}
{"logTime": "1225/155534", "correlationVector":"u7QNokvIkPwEEofwH39Lh7","action":"Commit Request", "result":"", "context":Item count: 1
Contributing types: Sessions}
{"logTime": "1225/155535", "correlationVector":"u7QNokvIkPwEEofwH39Lh7.1","action":"SyncServerConnectionManagerRequest", "result":"SYNC_SERVER_OK", "context":{"environment":"Prod_southindia_prod-s01-004-apac-southindia", "migrationStage":"NotStarted", "server":"akswtt00800000e"}}
{"logTime": "1225/155535", "correlationVector":"u7QNokvIkPwEEofwH39Lh7.2","action":"Commit Response", "result":"Success", "context":Result: Success. cV=u7QNokvIkPwEEofwH39Lh7.0;server=akswtt00800000e;cloudType=Consumer;environment=Prod_southindia_prod-s01-004-apac-southindia;migrationStage=NotStarted}
{"logTime": "1225/155605", "correlationVector":"YcTl1F/+zTTksgtAqrzAsz","action":"Commit Request", "result":"", "context":Item count: 1
Contributing types: Sessions}
{"logTime": "1225/155605", "correlationVector":"YcTl1F/+zTTksgtAqrzAsz.1","action":"SyncServerConnectionManagerRequest", "result":"SYNC_SERVER_OK", "context":{"environment":"Prod_southindia_prod-s01-004-apac-southindia", "migrationStage":"NotStarted", "server":"akswtt00800001j"}}
{"logTime": "1225/155605", "correlationVector":"YcTl1F/+zTTksgtAqrzAsz.2","action":"Commit Response", "result":"Success", "context":Result: Success. cV=YcTl1F/+zTTksgtAqrzAsz.0;server=akswtt00800001j;cloudType=Consumer;environment=Prod_southindia_prod-s01-004-apac-southindia;migrationStage=NotStarted}
{"logTime": "1225/155822", "correlationVector":"So4Hz0Rp7GxMKlS0J+zzT3","action":"Commit Request", "result":"", "context":Item count: 1
Contributing types: Sessions}
{"logTime": "1225/155823", "correlationVector":"So4Hz0Rp7GxMKlS0J+zzT3.1","action":"SyncServerConnectionManagerRequest", "result":"SYNC_SERVER_OK", "context":{"environment":"Prod_southindia_prod-s01-004-apac-southindia", "migrationStage":"NotStarted", "server":"akswtt00800001c"}}
{"logTime": "1225/155823", "correlationVector":"So4Hz0Rp7GxMKlS0J+zzT3.2","action":"Commit Response", "result":"Success", "context":Result: Success. cV=So4Hz0Rp7GxMKlS0J+zzT3.0;server=akswtt00800001c;cloudType=Consumer;environment=Prod_southindia_prod-s01-004-apac-southindia;migrationStage=NotStarted}
{"logTime": "1225/155919", "correlationVector":"l7ExxYXi3OcMqLlRCxon0k","action":"Commit Request", "result":"", "context":Item count: 1
Contributing types: Sessions}
{"logTime": "1225/155919", "correlationVector":"l7ExxYXi3OcMqLlRCxon0k.1","action":"SyncServerConnectionManagerRequest", "result":"SYNC_SERVER_OK", "context":{"environment":"Prod_southindia_prod-s01-004-apac-southindia", "migrationStage":"NotStarted", "server":"akswtt00800000d"}}
{"logTime": "1225/155919", "correlationVector":"l7ExxYXi3OcMqLlRCxon0k.2","action":"Commit Response", "result":"Success", "context":Result: Success. cV=l7ExxYXi3OcMqLlRCxon0k.0;server=akswtt00800000d;cloudType=Consumer;environment=Prod_southindia_prod-s01-004-apac-southindia;migrationStage=NotStarted}
{"logTime": "1225/160021", "correlationVector":"D/Bxenf4a2ZicDFdONTuNb","action":"Commit Request", "result":"", "context":Item count: 1
Contributing types: Sessions}
{"logTime": "1225/160021", "correlationVector":"D/Bxenf4a2ZicDFdONTuNb.1","action":"SyncServerConnectionManagerRequest", "result":"SYNC_SERVER_OK", "context":{"environment":"Prod_southindia_prod-s01-004-apac-southindia", "migrationStage":"NotStarted", "server":"akswtt008000017"}}
{"logTime": "1225/160021", "correlationVector":"D/Bxenf4a2ZicDFdONTuNb.2","action":"Commit Response", "result":"Success", "context":Result: Success. cV=D/Bxenf4a2ZicDFdONTuNb.0;server=akswtt008000017;cloudType=Consumer;environment=Prod_southindia_prod-s01-004-apac-southindia;migrationStage=NotStarted}
{"logTime": "1225/160054", "correlationVector":"vLQCiuRJ5YM8TDPW9LgevE","action":"Commit Request", "result":"", "context":Item count: 1
Contributing types: Sessions}
{"logTime": "1225/160054", "correlationVector":"vLQCiuRJ5YM8TDPW9LgevE.1","action":"SyncServerConnectionManagerRequest", "result":"SYNC_SERVER_OK", "context":{"environment":"Prod_southindia_prod-s01-004-apac-southindia", "migrationStage":"NotStarted", "server":"akswtt008000019"}}
{"logTime": "1225/160054", "correlationVector":"vLQCiuRJ5YM8TDPW9LgevE.2","action":"Commit Response", "result":"Success", "context":Result: Success. cV=vLQCiuRJ5YM8TDPW9LgevE.0;server=akswtt008000019;cloudType=Consumer;environment=Prod_southindia_prod-s01-004-apac-southindia;migrationStage=NotStarted}
{"logTime": "1225/160154", "correlationVector":"2Lu7H1H0Y0Gw2E9VA2Txd/","action":"Commit Request", "result":"", "context":Item count: 1
Contributing types: Sessions}
{"logTime": "1225/160154", "correlationVector":"2Lu7H1H0Y0Gw2E9VA2Txd/.1","action":"SyncServerConnectionManagerRequest", "result":"SYNC_SERVER_OK", "context":{"environment":"Prod_southindia_prod-s01-004-apac-southindia", "migrationStage":"NotStarted", "server":"akswtt008000008"}}
{"logTime": "1225/160154", "correlationVector":"2Lu7H1H0Y0Gw2E9VA2Txd/.2","action":"Commit Response", "result":"Success", "context":Result: Success. cV=2Lu7H1H0Y0Gw2E9VA2Txd/.0;server=akswtt008000008;cloudType=Consumer;environment=Prod_southindia_prod-s01-004-apac-southindia;migrationStage=NotStarted}
{"logTime": "1225/160230", "correlationVector":"97IKhsd+CzqtEgjGXwDNPQ","action":"Commit Request", "result":"", "context":Item count: 1
Contributing types: Sessions}
{"logTime": "1225/160230", "correlationVector":"97IKhsd+CzqtEgjGXwDNPQ.1","action":"SyncServerConnectionManagerRequest", "result":"SYNC_SERVER_OK", "context":{"environment":"Prod_southindia_prod-s01-004-apac-southindia", "migrationStage":"NotStarted", "server":"akswtt00800001o"}}
{"logTime": "1225/160230", "correlationVector":"97IKhsd+CzqtEgjGXwDNPQ.2","action":"Commit Response", "result":"Success", "context":Result: Success. cV=97IKhsd+CzqtEgjGXwDNPQ.0;server=akswtt00800001o;cloudType=Consumer;environment=Prod_southindia_prod-s01-004-apac-southindia;migrationStage=NotStarted}
{"logTime": "1225/160302", "correlationVector":"SMZRcUMfoV/2oc5cXvxjgp","action":"Commit Request", "result":"", "context":Item count: 1
Contributing types: Sessions}
{"logTime": "1225/160302", "correlationVector":"SMZRcUMfoV/2oc5cXvxjgp.1","action":"SyncServerConnectionManagerRequest", "result":"SYNC_SERVER_OK", "context":{"environment":"Prod_southindia_prod-s01-004-apac-southindia", "migrationStage":"NotStarted", "server":"akswtt00800002d"}}
{"logTime": "1225/160302", "correlationVector":"SMZRcUMfoV/2oc5cXvxjgp.2","action":"Commit Response", "result":"Success", "context":Result: Success. cV=SMZRcUMfoV/2oc5cXvxjgp.0;server=akswtt00800002d;cloudType=Consumer;environment=Prod_southindia_prod-s01-004-apac-southindia;migrationStage=NotStarted}
{"logTime": "1225/160343", "correlationVector":"SqAx84sT2o4bDVgv/NmyWn","action":"Commit Request", "result":"", "context":Item count: 1
Contributing types: Sessions}
{"logTime": "1225/160344", "correlationVector":"SqAx84sT2o4bDVgv/NmyWn.1","action":"SyncServerConnectionManagerRequest", "result":"SYNC_SERVER_OK", "context":{"environment":"Prod_southindia_prod-s01-004-apac-southindia", "migrationStage":"NotStarted", "server":"akswtt00800001x"}}
{"logTime": "1225/160344", "correlationVector":"SqAx84sT2o4bDVgv/NmyWn.2","action":"Commit Response", "result":"Success", "context":Result: Success. cV=SqAx84sT2o4bDVgv/NmyWn.0;server=akswtt00800001x;cloudType=Consumer;environment=Prod_southindia_prod-s01-004-apac-southindia;migrationStage=NotStarted}
{"logTime": "1225/161017", "correlationVector":"QU3daJ8f9tXFv2iFaSAt+A","action":"Commit Request", "result":"", "context":Item count: 1
Contributing types: Sessions}
{"logTime": "1225/161018", "correlationVector":"QU3daJ8f9tXFv2iFaSAt+A.1","action":"SyncServerConnectionManagerRequest", "result":"SYNC_SERVER_OK", "context":{"environment":"Prod_southindia_prod-s01-004-apac-southindia", "migrationStage":"NotStarted", "server":"akswtt00800000u"}}
{"logTime": "1225/161018", "correlationVector":"QU3daJ8f9tXFv2iFaSAt+A.2","action":"Commit Response", "result":"Success", "context":Result: Success. cV=QU3daJ8f9tXFv2iFaSAt+A.0;server=akswtt00800000u;cloudType=Consumer;environment=Prod_southindia_prod-s01-004-apac-southindia;migrationStage=NotStarted}
{"logTime": "1225/161421", "correlationVector":"yHhm/NFrbD0+37Z7VXGuw/","action":"Commit Request", "result":"", "context":Item count: 1
Contributing types: Sessions}
{"logTime": "1225/161422", "correlationVector":"yHhm/NFrbD0+37Z7VXGuw/.1","action":"SyncServerConnectionManagerRequest", "result":"SYNC_SERVER_OK", "context":{"environment":"Prod_southindia_prod-s01-004-apac-southindia", "migrationStage":"NotStarted", "server":"akswtt00800000q"}}
{"logTime": "1225/161422", "correlationVector":"yHhm/NFrbD0+37Z7VXGuw/.2","action":"Commit Response", "result":"Success", "context":Result: Success. cV=yHhm/NFrbD0+37Z7VXGuw/.0;server=akswtt00800000q;cloudType=Consumer;environment=Prod_southindia_prod-s01-004-apac-southindia;migrationStage=NotStarted}
{"logTime": "1225/161542", "correlationVector":"0iOwzIvqPWNk+sPYlr9SRy","action":"Commit Request", "result":"", "context":Item count: 1
Contributing types: Sessions}
{"logTime": "1225/161542", "correlationVector":"0iOwzIvqPWNk+sPYlr9SRy.1","action":"SyncServerConnectionManagerRequest", "result":"SYNC_SERVER_OK", "context":{"environment":"Prod_southindia_prod-s01-004-apac-southindia", "migrationStage":"NotStarted", "server":"akswtt00800000g"}}
{"logTime": "1225/161542", "correlationVector":"0iOwzIvqPWNk+sPYlr9SRy.2","action":"Commit Response", "result":"Success", "context":Result: Success. cV=0iOwzIvqPWNk+sPYlr9SRy.0;server=akswtt00800000g;cloudType=Consumer;environment=Prod_southindia_prod-s01-004-apac-southindia;migrationStage=NotStarted}
{"logTime": "1225/161742", "correlationVector":"IYdNJ7TvRdVUeAxJHkm5fq","action":"Commit Request", "result":"", "context":Item count: 1
Contributing types: Sessions}
{"logTime": "1225/161742", "correlationVector":"IYdNJ7TvRdVUeAxJHkm5fq.1","action":"SyncServerConnectionManagerRequest", "result":"SYNC_SERVER_OK", "context":{"environment":"Prod_southindia_prod-s01-004-apac-southindia", "migrationStage":"NotStarted", "server":"akswtt00800001f"}}
{"logTime": "1225/161742", "correlationVector":"IYdNJ7TvRdVUeAxJHkm5fq.2","action":"Commit Response", "result":"Success", "context":Result: Success. cV=IYdNJ7TvRdVUeAxJHkm5fq.0;server=akswtt00800001f;cloudType=Consumer;environment=Prod_southindia_prod-s01-004-apac-southindia;migrationStage=NotStarted}
{"logTime": "1225/161818", "correlationVector":"WYsOPG111ujzFfUqN/PSiz","action":"Commit Request", "result":"", "context":Item count: 1
Contributing types: Sessions}
{"logTime": "1225/161819", "correlationVector":"WYsOPG111ujzFfUqN/PSiz.1","action":"SyncServerConnectionManagerRequest", "result":"SYNC_SERVER_OK", "context":{"environment":"Prod_southindia_prod-s01-004-apac-southindia", "migrationStage":"NotStarted", "server":"akswtt00800001f"}}
{"logTime": "1225/161819", "correlationVector":"WYsOPG111ujzFfUqN/PSiz.2","action":"Commit Response", "result":"Success", "context":Result: Success. cV=WYsOPG111ujzFfUqN/PSiz.0;server=akswtt00800001f;cloudType=Consumer;environment=Prod_southindia_prod-s01-004-apac-southindia;migrationStage=NotStarted}
{"logTime": "1225/162000", "correlationVector":"jgzj7id5OTM9AMPvqFHWuR","action":"Commit Request", "result":"", "context":Item count: 1
Contributing types: Sessions}
{"logTime": "1225/162000", "correlationVector":"jgzj7id5OTM9AMPvqFHWuR.1","action":"SyncServerConnectionManagerRequest", "result":"SYNC_SERVER_OK", "context":{"environment":"Prod_southindia_prod-s01-004-apac-southindia", "migrationStage":"NotStarted", "server":"akswtt00800000e"}}
{"logTime": "1225/162000", "correlationVector":"jgzj7id5OTM9AMPvqFHWuR.2","action":"Commit Response", "result":"Success", "context":Result: Success. cV=jgzj7id5OTM9AMPvqFHWuR.0;server=akswtt00800000e;cloudType=Consumer;environment=Prod_southindia_prod-s01-004-apac-southindia;migrationStage=NotStarted}
{"logTime": "1225/162037", "correlationVector":"s2XIeO7xJtcvPR1/xXYCPf","action":"Commit Request", "result":"", "context":Item count: 1
Contributing types: Sessions}
{"logTime": "1225/162038", "correlationVector":"s2XIeO7xJtcvPR1/xXYCPf.1","action":"SyncServerConnectionManagerRequest", "result":"SYNC_SERVER_OK", "context":{"environment":"Prod_southindia_prod-s01-004-apac-southindia", "migrationStage":"NotStarted", "server":"akswtt00800001h"}}
{"logTime": "1225/162038", "correlationVector":"s2XIeO7xJtcvPR1/xXYCPf.2","action":"Commit Response", "result":"Success", "context":Result: Success. cV=s2XIeO7xJtcvPR1/xXYCPf.0;server=akswtt00800001h;cloudType=Consumer;environment=Prod_southindia_prod-s01-004-apac-southindia;migrationStage=NotStarted}
{"logTime": "1225/162108", "correlationVector":"xSdeV0M5+lZgY6Pa6HXNoO","action":"Commit Request", "result":"", "context":Item count: 1
Contributing types: Sessions}
{"logTime": "1225/162108", "correlationVector":"xSdeV0M5+lZgY6Pa6HXNoO.1","action":"SyncServerConnectionManagerRequest", "result":"SYNC_SERVER_OK", "context":{"environment":"Prod_southindia_prod-s01-004-apac-southindia", "migrationStage":"NotStarted", "server":"akswtt00800001l"}}
{"logTime": "1225/162108", "correlationVector":"xSdeV0M5+lZgY6Pa6HXNoO.2","action":"Commit Response", "result":"Success", "context":Result: Success. cV=xSdeV0M5+lZgY6Pa6HXNoO.0;server=akswtt00800001l;cloudType=Consumer;environment=Prod_southindia_prod-s01-004-apac-southindia;migrationStage=NotStarted}
{"logTime": "1225/162143", "correlationVector":"HykUc05tix5n/f4obnwbNb","action":"Commit Request", "result":"", "context":Item count: 1
Contributing types: Sessions}
{"logTime": "1225/162144", "correlationVector":"HykUc05tix5n/f4obnwbNb.1","action":"SyncServerConnectionManagerRequest", "result":"SYNC_SERVER_OK", "context":{"environment":"Prod_southindia_prod-s01-004-apac-southindia", "migrationStage":"NotStarted", "server":"akswtt00800001r"}}
{"logTime": "1225/162144", "correlationVector":"HykUc05tix5n/f4obnwbNb.2","action":"Commit Response", "result":"Success", "context":Result: Success. cV=HykUc05tix5n/f4obnwbNb.0;server=akswtt00800001r;cloudType=Consumer;environment=Prod_southindia_prod-s01-004-apac-southindia;migrationStage=NotStarted}
{"logTime": "1225/162220", "correlationVector":"MmAI6toeCHNZLDtO21AzMa","action":"Commit Request", "result":"", "context":Item count: 1
Contributing types: Sessions}
{"logTime": "1225/162220", "correlationVector":"MmAI6toeCHNZLDtO21AzMa.1","action":"SyncServerConnectionManagerRequest", "result":"SYNC_SERVER_OK", "context":{"environment":"Prod_southindia_prod-s01-004-apac-southindia", "migrationStage":"NotStarted", "server":"akswtt00800001l"}}
{"logTime": "1225/162220", "correlationVector":"MmAI6toeCHNZLDtO21AzMa.2","action":"Commit Response", "result":"Success", "context":Result: Success. cV=MmAI6toeCHNZLDtO21AzMa.0;server=akswtt00800001l;cloudType=Consumer;environment=Prod_southindia_prod-s01-004-apac-southindia;migrationStage=NotStarted}
{"logTime": "1225/162251", "correlationVector":"MvqrHG4SvvcY2vDCGi5BiO","action":"Commit Request", "result":"", "context":Item count: 1
Contributing types: Sessions}
{"logTime": "1225/162252", "correlationVector":"MvqrHG4SvvcY2vDCGi5BiO.1","action":"SyncServerConnectionManagerRequest", "result":"SYNC_SERVER_OK", "context":{"environment":"Prod_southindia_prod-s01-004-apac-southindia", "migrationStage":"NotStarted", "server":"akswtt00800001p"}}
{"logTime": "1225/162252", "correlationVector":"MvqrHG4SvvcY2vDCGi5BiO.2","action":"Commit Response", "result":"Success", "context":Result: Success. cV=MvqrHG4SvvcY2vDCGi5BiO.0;server=akswtt00800001p;cloudType=Consumer;environment=Prod_southindia_prod-s01-004-apac-southindia;migrationStage=NotStarted}
{"logTime": "1225/162422", "correlationVector":"TMhQ+z87ste/9b8iqBRnaW","action":"Commit Request", "result":"", "context":Item count: 1
Contributing types: Sessions}
{"logTime": "1225/162422", "correlationVector":"TMhQ+z87ste/9b8iqBRnaW.1","action":"SyncServerConnectionManagerRequest", "result":"SYNC_SERVER_OK", "context":{"environment":"Prod_southindia_prod-s01-004-apac-southindia", "migrationStage":"NotStarted", "server":"akswtt00800001x"}}
{"logTime": "1225/162422", "correlationVector":"TMhQ+z87ste/9b8iqBRnaW.2","action":"Commit Response", "result":"Success", "context":Result: Success. cV=TMhQ+z87ste/9b8iqBRnaW.0;server=akswtt00800001x;cloudType=Consumer;environment=Prod_southindia_prod-s01-004-apac-southindia;migrationStage=NotStarted}
{"logTime": "1225/162514", "correlationVector":"rhrhUtTOdF4DOXXyjK1nzh","action":"Commit Request", "result":"", "context":Item count: 1
Contributing types: Sessions}
{"logTime": "1225/162515", "correlationVector":"rhrhUtTOdF4DOXXyjK1nzh.1","action":"SyncServerConnectionManagerRequest", "result":"SYNC_SERVER_OK", "context":{"environment":"Prod_southindia_prod-s01-004-apac-southindia", "migrationStage":"NotStarted", "server":"akswtt008000006"}}
{"logTime": "1225/162515", "correlationVector":"rhrhUtTOdF4DOXXyjK1nzh.2","action":"Commit Response", "result":"Success", "context":Result: Success. cV=rhrhUtTOdF4DOXXyjK1nzh.0;server=akswtt008000006;cloudType=Consumer;environment=Prod_southindia_prod-s01-004-apac-southindia;migrationStage=NotStarted}
{"logTime": "1225/162547", "correlationVector":"DpDRtHxZzWTlmIvPtSB4rK","action":"Commit Request", "result":"", "context":Item count: 1
Contributing types: Sessions}
{"logTime": "1225/162547", "correlationVector":"DpDRtHxZzWTlmIvPtSB4rK.1","action":"SyncServerConnectionManagerRequest", "result":"SYNC_SERVER_OK", "context":{"environment":"Prod_southindia_prod-s01-004-apac-southindia", "migrationStage":"NotStarted", "server":"akswtt00800001g"}}
{"logTime": "1225/162547", "correlationVector":"DpDRtHxZzWTlmIvPtSB4rK.2","action":"Commit Response", "result":"Success", "context":Result: Success. cV=DpDRtHxZzWTlmIvPtSB4rK.0;server=akswtt00800001g;cloudType=Consumer;environment=Prod_southindia_prod-s01-004-apac-southindia;migrationStage=NotStarted}
{"logTime": "1225/162624", "correlationVector":"o8O/j0dnqznQqZrPQWqjW5","action":"Commit Request", "result":"", "context":Item count: 1
Contributing types: Sessions}
{"logTime": "1225/162625", "correlationVector":"o8O/j0dnqznQqZrPQWqjW5.1","action":"SyncServerConnectionManagerRequest", "result":"SYNC_SERVER_OK", "context":{"environment":"Prod_southindia_prod-s01-004-apac-southindia", "migrationStage":"NotStarted", "server":"akswtt008000004"}}
{"logTime": "1225/162625", "correlationVector":"o8O/j0dnqznQqZrPQWqjW5.2","action":"Commit Response", "result":"Success", "context":Result: Success. cV=o8O/j0dnqznQqZrPQWqjW5.0;server=akswtt008000004;cloudType=Consumer;environment=Prod_southindia_prod-s01-004-apac-southindia;migrationStage=NotStarted}
{"logTime": "1225/162748", "correlationVector":"V3+T9MTjqBvW9Idq/Wzb0F","action":"Commit Request", "result":"", "context":Item count: 1
Contributing types: Sessions}
{"logTime": "1225/162748", "correlationVector":"V3+T9MTjqBvW9Idq/Wzb0F.1","action":"SyncServerConnectionManagerRequest", "result":"SYNC_SERVER_OK", "context":{"environment":"Prod_southindia_prod-s01-004-apac-southindia", "migrationStage":"NotStarted", "server":"akswtt00800000i"}}
{"logTime": "1225/162748", "correlationVector":"V3+T9MTjqBvW9Idq/Wzb0F.2","action":"Commit Response", "result":"Success", "context":Result: Success. cV=V3+T9MTjqBvW9Idq/Wzb0F.0;server=akswtt00800000i;cloudType=Consumer;environment=Prod_southindia_prod-s01-004-apac-southindia;migrationStage=NotStarted}
{"logTime": "1225/162906", "correlationVector":"mig4UizX4angVAITmF/fxF","action":"Commit Request", "result":"", "context":Item count: 1
Contributing types: Sessions}
{"logTime": "1225/162907", "correlationVector":"mig4UizX4angVAITmF/fxF.1","action":"SyncServerConnectionManagerRequest", "result":"SYNC_SERVER_OK", "context":{"environment":"Prod_southindia_prod-s01-004-apac-southindia", "migrationStage":"NotStarted", "server":"akswtt00800000o"}}
{"logTime": "1225/162907", "correlationVector":"mig4UizX4angVAITmF/fxF.2","action":"Commit Response", "result":"Success", "context":Result: Success. cV=mig4UizX4angVAITmF/fxF.0;server=akswtt00800000o;cloudType=Consumer;environment=Prod_southindia_prod-s01-004-apac-southindia;migrationStage=NotStarted}
{"logTime": "1225/162948", "correlationVector":"BZVJw2ck9GOFPkL+jQnhqi","action":"Commit Request", "result":"", "context":Item count: 1
Contributing types: Sessions}
{"logTime": "1225/162948", "correlationVector":"BZVJw2ck9GOFPkL+jQnhqi.1","action":"SyncServerConnectionManagerRequest", "result":"SYNC_SERVER_OK", "context":{"environment":"Prod_southindia_prod-s01-004-apac-southindia", "migrationStage":"NotStarted", "server":"akswtt00800001c"}}
{"logTime": "1225/162948", "correlationVector":"BZVJw2ck9GOFPkL+jQnhqi.2","action":"Commit Response", "result":"Success", "context":Result: Success. cV=BZVJw2ck9GOFPkL+jQnhqi.0;server=akswtt00800001c;cloudType=Consumer;environment=Prod_southindia_prod-s01-004-apac-southindia;migrationStage=NotStarted}
{"logTime": "1225/163020", "correlationVector":"eO2peocVsKhzsRIa97+6RD","action":"Commit Request", "result":"", "context":Item count: 1
Contributing types: Sessions}
{"logTime": "1225/163020", "correlationVector":"eO2peocVsKhzsRIa97+6RD.1","action":"SyncServerConnectionManagerRequest", "result":"SYNC_SERVER_OK", "context":{"environment":"Prod_southindia_prod-s01-004-apac-southindia", "migrationStage":"NotStarted", "server":"akswtt00800000l"}}
{"logTime": "1225/163020", "correlationVector":"eO2peocVsKhzsRIa97+6RD.2","action":"Commit Response", "result":"Success", "context":Result: Success. cV=eO2peocVsKhzsRIa97+6RD.0;server=akswtt00800000l;cloudType=Consumer;environment=Prod_southindia_prod-s01-004-apac-southindia;migrationStage=NotStarted}
{"logTime": "1225/163100", "correlationVector":"1Suo1XnU7ct6M9uCBhyfAw","action":"Commit Request", "result":"", "context":Item count: 1
Contributing types: Sessions}
{"logTime": "1225/163100", "correlationVector":"1Suo1XnU7ct6M9uCBhyfAw.1","action":"SyncServerConnectionManagerRequest", "result":"SYNC_SERVER_OK", "context":{"environment":"Prod_southindia_prod-s01-004-apac-southindia", "migrationStage":"NotStarted", "server":"akswtt00800001j"}}
{"logTime": "1225/163100", "correlationVector":"1Suo1XnU7ct6M9uCBhyfAw.2","action":"Commit Response", "result":"Success", "context":Result: Success. cV=1Suo1XnU7ct6M9uCBhyfAw.0;server=akswtt00800001j;cloudType=Consumer;environment=Prod_southindia_prod-s01-004-apac-southindia;migrationStage=NotStarted}
{"logTime": "1225/163218", "correlationVector":"3txR9QSMYH8Bfq+uXRCuTt","action":"Commit Request", "result":"", "context":Item count: 1
Contributing types: Sessions}
{"logTime": "1225/163218", "correlationVector":"3txR9QSMYH8Bfq+uXRCuTt.1","action":"SyncServerConnectionManagerRequest", "result":"SYNC_SERVER_OK", "context":{"environment":"Prod_southindia_prod-s01-004-apac-southindia", "migrationStage":"NotStarted", "server":"akswtt00800001s"}}
{"logTime": "1225/163218", "correlationVector":"3txR9QSMYH8Bfq+uXRCuTt.2","action":"Commit Response", "result":"Success", "context":Result: Success. cV=3txR9QSMYH8Bfq+uXRCuTt.0;server=akswtt00800001s;cloudType=Consumer;environment=Prod_southindia_prod-s01-004-apac-southindia;migrationStage=NotStarted}
{"logTime": "1225/163421", "correlationVector":"c1qJPIvK1I9m7o+jljnNcF","action":"Commit Request", "result":"", "context":Item count: 1
Contributing types: Sessions}
{"logTime": "1225/163423", "correlationVector":"c1qJPIvK1I9m7o+jljnNcF.1","action":"SyncServerConnectionManagerRequest", "result":"SYNC_SERVER_OK", "context":{"environment":"Prod_southindia_prod-s01-004-apac-southindia", "migrationStage":"NotStarted", "server":"akswtt00800000v"}}
{"logTime": "1225/163423", "correlationVector":"c1qJPIvK1I9m7o+jljnNcF.2","action":"Commit Response", "result":"Success", "context":Result: Success. cV=c1qJPIvK1I9m7o+jljnNcF.0;server=akswtt00800000v;cloudType=Consumer;environment=Prod_southindia_prod-s01-004-apac-southindia;migrationStage=NotStarted}
{"logTime": "1225/163538", "correlationVector":"atHmmLK/baydzxlJZB2j5a","action":"Commit Request", "result":"", "context":Item count: 1
Contributing types: Sessions}
{"logTime": "1225/163540", "correlationVector":"atHmmLK/baydzxlJZB2j5a.1","action":"SyncServerConnectionManagerRequest", "result":"SYNC_SERVER_OK", "context":{"environment":"Prod_southindia_prod-s01-004-apac-southindia", "migrationStage":"NotStarted", "server":"akswtt008000018"}}
{"logTime": "1225/163540", "correlationVector":"atHmmLK/baydzxlJZB2j5a.2","action":"Commit Response", "result":"Success", "context":Result: Success. cV=atHmmLK/baydzxlJZB2j5a.0;server=akswtt008000018;cloudType=Consumer;environment=Prod_southindia_prod-s01-004-apac-southindia;migrationStage=NotStarted}
{"logTime": "1226/022728", "correlationVector":"Xrrp9/lGKHvfCmqfB5ql+L.1","action":"SyncServerConnectionManagerRequest", "result":"SYNC_SERVER_OK", "context":{"environment":"Prod_southindia_prod-s01-004-apac-southindia", "migrationStage":"NotStarted", "server":"akswtt00800000b"}}
{"logTime": "1226/022729", "correlationVector":"J97ItmV221ynvG63Gla6bh","action":"SyncServerConnectionManagerRequest", "result":"SYNC_SERVER_OK", "context":{"environment":"", "migrationStage":"", "server":""}}
{"logTime": "1226/022729", "correlationVector":"Xrrp9/lGKHvfCmqfB5ql+L","action":"Initial GetUpdates", "result":"", "context":Reason: NEW_CLIENT. cV=Xrrp9/lGKHvfCmqfB5ql+L}
{"logTime": "1226/022729", "correlationVector":"Xrrp9/lGKHvfCmqfB5ql+L.2","action":"GetUpdates Response", "result":"Success", "context":Received 1 update(s). cV=Xrrp9/lGKHvfCmqfB5ql+L.0;server=akswtt00800000b;cloudType=Consumer;environment=Prod_southindia_prod-s01-004-apac-southindia;migrationStage=NotStarted}
{"logTime": "1226/022729", "correlationVector":"92qH/KkwotSCnpCuMlKWUf","action":"Initial GetUpdates", "result":"", "context":Reason: NEWLY_SUPPORTED_DATATYPE. cV=92qH/KkwotSCnpCuMlKWUf}
{"logTime": "1226/022729", "correlationVector":"92qH/KkwotSCnpCuMlKWUf.1","action":"SyncServerConnectionManagerRequest", "result":"SYNC_SERVER_OK", "context":{"environment":"Prod_southindia_prod-s01-004-apac-southindia", "migrationStage":"NotStarted", "server":"akswtt00800000b"}}
{"logTime": "1226/022729", "correlationVector":"92qH/KkwotSCnpCuMlKWUf.2","action":"GetUpdates Response", "result":"Success", "context":Received 1 update(s). cV=92qH/KkwotSCnpCuMlKWUf.0;server=akswtt00800000b;cloudType=Consumer;environment=Prod_southindia_prod-s01-004-apac-southindia;migrationStage=NotStarted}
{"logTime": "1226/022729", "correlationVector":"FfKwZcS1pLRyY775nTbdSa","action":"Normal GetUpdate request", "result":"", "context":cV=FfKwZcS1pLRyY775nTbdSa
Nudged types: Sessions
Refresh requested types: Bookmarks, Preferences, Passwords, Autofill Profiles, Autofill, Typed URLs, Extensions, Sessions, Extension settings, History Delete Directives, Device Info, User Consents, Send Tab To Self, Web Apps, Collection, Edge E Drop, Edge Hub App Usage, Edge Tab Group, Edge Wallet, Encryption Keys}
{"logTime": "1226/022730", "correlationVector":"FfKwZcS1pLRyY775nTbdSa.1","action":"SyncServerConnectionManagerRequest", "result":"SYNC_SERVER_OK", "context":{"environment":"Prod_southindia_prod-s01-004-apac-southindia", "migrationStage":"NotStarted", "server":"akswtt00800000u"}}
{"logTime": "1226/022730", "correlationVector":"FfKwZcS1pLRyY775nTbdSa.2","action":"GetUpdates", "result":"DeleteReceived", "context":{"id":"9bfdba29-5044-49c0-a794-5a4746e388fe", "isDeleted:":"true", "version":"1735144583192"}}
{"logTime": "1226/022730", "correlationVector":"FfKwZcS1pLRyY775nTbdSa.3","action":"GetUpdates Response", "result":"Success", "context":Received 6 update(s). cV=FfKwZcS1pLRyY775nTbdSa.0;server=akswtt00800000u;cloudType=Consumer;environment=Prod_southindia_prod-s01-004-apac-southindia;migrationStage=NotStarted}
{"logTime": "1226/022730", "correlationVector":"a9YBJiN9qlvd/bDD4ZBMox","action":"Commit Request", "result":"", "context":Item count: 3
Contributing types: Sessions}
{"logTime": "1226/022730", "correlationVector":"a9YBJiN9qlvd/bDD4ZBMox.1","action":"SyncServerConnectionManagerRequest", "result":"SYNC_SERVER_OK", "context":{"environment":"Prod_southindia_prod-s01-004-apac-southindia", "migrationStage":"NotStarted", "server":"akswtt00800002y"}}
{"logTime": "1226/022730", "correlationVector":"a9YBJiN9qlvd/bDD4ZBMox.3","action":"Commit.Sessions", "result":"Success", "context":{"id":"89657be9-bc05-46b4-ae03-1d43fd1397d2", "isDeleted":"true", "size":"0", "version":"1735144540539"}}
{"logTime": "1226/022730", "correlationVector":"a9YBJiN9qlvd/bDD4ZBMox.2","action":"Commit Response", "result":"Success", "context":Result: Success. cV=a9YBJiN9qlvd/bDD4ZBMox.0;server=akswtt00800002y;cloudType=Consumer;environment=Prod_southindia_prod-s01-004-apac-southindia;migrationStage=NotStarted}
{"logTime": "1226/022730", "correlationVector":"+86kSPlFzXJ9UDA9y+kE+a","action":"Poll GetUpdate request", "result":"", "context":cV=+86kSPlFzXJ9UDA9y+kE+a}
{"logTime": "1226/022731", "correlationVector":"+86kSPlFzXJ9UDA9y+kE+a.1","action":"SyncServerConnectionManagerRequest", "result":"SYNC_SERVER_OK", "context":{"environment":"Prod_southindia_prod-s01-004-apac-southindia", "migrationStage":"NotStarted", "server":"akswtt00800000u"}}
{"logTime": "1226/022731", "correlationVector":"+86kSPlFzXJ9UDA9y+kE+a.2","action":"GetUpdates", "result":"DeleteReceived", "context":{"id":"89657be9-bc05-46b4-ae03-1d43fd1397d2", "isDeleted:":"true", "version":"1735180051442"}}
{"logTime": "1226/022731", "correlationVector":"+86kSPlFzXJ9UDA9y+kE+a.3","action":"GetUpdates Response", "result":"Success", "context":Received 3 update(s). cV=+86kSPlFzXJ9UDA9y+kE+a.0;server=akswtt00800000u;cloudType=Consumer;environment=Prod_southindia_prod-s01-004-apac-southindia;migrationStage=NotStarted}
{"logTime": "1226/022732", "correlationVector":"3zLJZ+WGIZ8lqWwg3H7EJj","action":"Commit Request", "result":"", "context":Item count: 2
Contributing types: Preferences, Passwords}
{"logTime": "1226/022733", "correlationVector":"3zLJZ+WGIZ8lqWwg3H7EJj.1","action":"SyncServerConnectionManagerRequest", "result":"SYNC_SERVER_OK", "context":{"environment":"Prod_southindia_prod-s01-004-apac-southindia", "migrationStage":"NotStarted", "server":"akswtt00800000u"}}
{"logTime": "1226/022733", "correlationVector":"3zLJZ+WGIZ8lqWwg3H7EJj.2","action":"Commit Response", "result":"Success", "context":Result: Success. cV=3zLJZ+WGIZ8lqWwg3H7EJj.0;server=akswtt00800000u;cloudType=Consumer;environment=Prod_southindia_prod-s01-004-apac-southindia;migrationStage=NotStarted}
{"logTime": "1226/025918", "correlationVector":"A0TKkb+KDwDfT2PkgmpfNi.1","action":"SyncServerConnectionManagerRequest", "result":"SYNC_SERVER_OK", "context":{"environment":"Prod_southindia_prod-s01-004-apac-southindia", "migrationStage":"NotStarted", "server":"akswtt00800000q"}}
{"logTime": "1226/025919", "correlationVector":"APjsCiEJKFEzCJ3PRUaEqT","action":"SyncServerConnectionManagerRequest", "result":"SYNC_SERVER_OK", "context":{"environment":"", "migrationStage":"", "server":""}}
{"logTime": "1226/025919", "correlationVector":"A0TKkb+KDwDfT2PkgmpfNi","action":"Initial GetUpdates", "result":"", "context":Reason: NEW_CLIENT. cV=A0TKkb+KDwDfT2PkgmpfNi}
{"logTime": "1226/025919", "correlationVector":"A0TKkb+KDwDfT2PkgmpfNi.2","action":"GetUpdates Response", "result":"Success", "context":Received 1 update(s). cV=A0TKkb+KDwDfT2PkgmpfNi.0;server=akswtt00800000q;cloudType=Consumer;environment=Prod_southindia_prod-s01-004-apac-southindia;migrationStage=NotStarted}
{"logTime": "1226/025919", "correlationVector":"fDDW1p+y9AlUUHfzeIc4TO","action":"Initial GetUpdates", "result":"", "context":Reason: NEWLY_SUPPORTED_DATATYPE. cV=fDDW1p+y9AlUUHfzeIc4TO}
{"logTime": "1226/025919", "correlationVector":"fDDW1p+y9AlUUHfzeIc4TO.1","action":"SyncServerConnectionManagerRequest", "result":"SYNC_SERVER_OK", "context":{"environment":"Prod_southindia_prod-s01-004-apac-southindia", "migrationStage":"NotStarted", "server":"akswtt00800001g"}}
{"logTime": "1226/025919", "correlationVector":"fDDW1p+y9AlUUHfzeIc4TO.2","action":"GetUpdates Response", "result":"Success", "context":Received 1 update(s). cV=fDDW1p+y9AlUUHfzeIc4TO.0;server=akswtt00800001g;cloudType=Consumer;environment=Prod_southindia_prod-s01-004-apac-southindia;migrationStage=NotStarted}
{"logTime": "1226/025919", "correlationVector":"2VLE3jdsh9gRX3Giwwu1JR","action":"Normal GetUpdate request", "result":"", "context":cV=2VLE3jdsh9gRX3Giwwu1JR
Nudged types: Sessions
Refresh requested types: Bookmarks, Preferences, Passwords, Autofill Profiles, Autofill, Typed URLs, Extensions, Sessions, Extension settings, History Delete Directives, Device Info, User Consents, Send Tab To Self, Web Apps, Collection, Edge E Drop, Edge Hub App Usage, Edge Tab Group, Edge Wallet, Encryption Keys}
{"logTime": "1226/025920", "correlationVector":"2VLE3jdsh9gRX3Giwwu1JR.1","action":"SyncServerConnectionManagerRequest", "result":"SYNC_SERVER_OK", "context":{"environment":"Prod_southindia_prod-s01-004-apac-southindia", "migrationStage":"NotStarted", "server":"akswtt00800002d"}}
{"logTime": "1226/025920", "correlationVector":"2VLE3jdsh9gRX3Giwwu1JR.2","action":"GetUpdates", "result":"DeleteReceived", "context":{"id":"556286c9-f755-491a-8427-dc34df79c6d7", "isDeleted:":"true", "version":"1735181175418"}}
{"logTime": "1226/025920", "correlationVector":"2VLE3jdsh9gRX3Giwwu1JR.3","action":"GetUpdates Response", "result":"Success", "context":Received 4 update(s). cV=2VLE3jdsh9gRX3Giwwu1JR.0;server=akswtt00800002d;cloudType=Consumer;environment=Prod_southindia_prod-s01-004-apac-southindia;migrationStage=NotStarted}
{"logTime": "1226/025920", "correlationVector":"Rd+SNf8q/OWf73paRgwLNE","action":"Commit Request", "result":"", "context":Item count: 3
Contributing types: Sessions}
{"logTime": "1226/025920", "correlationVector":"Rd+SNf8q/OWf73paRgwLNE.1","action":"SyncServerConnectionManagerRequest", "result":"SYNC_SERVER_OK", "context":{"environment":"Prod_southindia_prod-s01-004-apac-southindia", "migrationStage":"NotStarted", "server":"akswtt00800002d"}}
{"logTime": "1226/025920", "correlationVector":"Rd+SNf8q/OWf73paRgwLNE.3","action":"Commit.Sessions", "result":"Success", "context":{"id":"4452fe9d-494e-41d9-8795-930369d7f7da", "isDeleted":"true", "size":"0", "version":"1735180051441"}}
{"logTime": "1226/025920", "correlationVector":"Rd+SNf8q/OWf73paRgwLNE.2","action":"Commit Response", "result":"Success", "context":Result: Success. cV=Rd+SNf8q/OWf73paRgwLNE.0;server=akswtt00800002d;cloudType=Consumer;environment=Prod_southindia_prod-s01-004-apac-southindia;migrationStage=NotStarted}
{"logTime": "1226/025921", "correlationVector":"pCQZIQYQLbzKvVZn3IjiSj","action":"Commit Request", "result":"", "context":Item count: 2
Contributing types: Preferences, Passwords}
{"logTime": "1226/025922", "correlationVector":"pCQZIQYQLbzKvVZn3IjiSj.1","action":"SyncServerConnectionManagerRequest", "result":"SYNC_SERVER_OK", "context":{"environment":"Prod_southindia_prod-s01-004-apac-southindia", "migrationStage":"NotStarted", "server":"akswtt00800001x"}}
{"logTime": "1226/025922", "correlationVector":"pCQZIQYQLbzKvVZn3IjiSj.2","action":"Commit Response", "result":"Success", "context":Result: Success. cV=pCQZIQYQLbzKvVZn3IjiSj.0;server=akswtt00800001x;cloudType=Consumer;environment=Prod_southindia_prod-s01-004-apac-southindia;migrationStage=NotStarted}
